0001_0030_0005_0103_0103.jpg 1 30 5 103 103
0002_0062_0031_0057_0057.jpg 1 62 31 57 57
0003_0033_0076_0063_0063.jpg 1 33 76 63 63
0004_0017_0030_0091_0091.jpg 1 17 30 91 91
0005_0094_0064_0024_0024.jpg 1 94 64 24 24
0006_0026_0109_0025_0025.jpg 1 26 109 25 25
0007_0067_0058_0032_0032.jpg 1 67 58 32 32
0008_0035_0020_0101_0101.jpg 1 35 20 101 101
0009_0043_0027_0068_0068.jpg 1 43 27 68 68
0010_0057_0039_0061_0061.jpg 1 57 39 61 61
0011_0022_0012_0099_0099.jpg 1 22 12 99 99
0012_0019_0024_0102_0102.jpg 1 19 24 102 102
0013_0010_0027_0071_0071.jpg 1 10 27 71 71
0014_0069_0008_0071_0071.jpg 1 69 8 71 71
0015_0010_0010_0084_0084.jpg 1 10 10 84 84
0016_0043_0051_0033_0033.jpg 1 43 51 33 33
0017_0052_0056_0079_0079.jpg 1 52 56 79 79
0018_0021_0018_0087_0087.jpg 1 21 18 87 87
0019_0023_0015_0097_0097.jpg 1 23 15 97 97
0020_0096_0045_0037_0037.jpg 1 96 45 37 37
0021_0042_0086_0044_0044.jpg 1 42 86 44 44
0022_0015_0077_0027_0027.jpg 1 15 77 27 27
0023_0065_0040_0054_0054.jpg 1 65 40 54 54
0024_0073_0074_0043_0043.jpg 1 73 74 43 43
0025_0069_0083_0025_0025.jpg 1 69 83 25 25
0026_0045_0053_0039_0039.jpg 1 45 53 39 39
0027_0022_0047_0089_0089.jpg 1 22 47 89 89
0028_0040_0022_0055_0055.jpg 1 40 22 55 55
0029_0058_0018_0049_0049.jpg 1 58 18 49 49
0030_0032_0045_0075_0075.jpg 1 32 45 75 75
0031_0095_0044_0028_0028.jpg 1 95 44 28 28
0032_0058_0024_0069_0069.jpg 1 58 24 69 69
0033_0044_0009_0099_0099.jpg 1 44 9 99 99
0034_0027_0026_0074_0074.jpg 1 27 26 74 74
0035_0064_0014_0049_0049.jpg 1 64 14 49 49
0036_0032_0056_0085_0085.jpg 1 32 56 85 85
0037_0068_0083_0047_0047.jpg 1 68 83 47 47
0038_0023_0010_0089_0089.jpg 1 23 10 89 89
0039_0046_0070_0072_0072.jpg 1 46 70 72 72
0040_0055_0034_0069_0069.jpg 1 55 34 69 69
0041_0040_0015_0030_0030.jpg 1 40 15 30 30
0042_0070_0047_0060_0060.jpg 1 70 47 60 60
0043_0027_0070_0055_0055.jpg 1 27 70 55 55
0044_0047_0065_0050_0050.jpg 1 47 65 50 50
0045_0004_0037_0104_0104.jpg 1 4 37 104 104
0046_0042_0024_0026_0026.jpg 1 42 24 26 26
0047_0037_0056_0082_0082.jpg 1 37 56 82 82
0048_0032_0033_0093_0093.jpg 1 32 33 93 93
0049_0095_0012_0034_0034.jpg 1 95 12 34 34
0050_0056_0069_0070_0070.jpg 1 56 69 70 70
0051_0059_0033_0030_0030.jpg 1 59 33 30 30
0052_0026_0035_0104_0104.jpg 1 26 35 104 104
0053_0032_0021_0096_0096.jpg 1 32 21 96 96
0054_0022_0047_0074_0074.jpg 1 22 47 74 74
0055_0024_0029_0100_0100.jpg 1 24 29 100 100
0056_0052_0042_0089_0089.jpg 1 52 42 89 89
0057_0007_0040_0096_0096.jpg 1 7 40 96 96
0058_0022_0033_0049_0049.jpg 1 22 33 49 49
0059_0029_0030_0068_0068.jpg 1 29 30 68 68
0060_0034_0039_0071_0071.jpg 1 34 39 71 71
0061_0085_0024_0045_0045.jpg 1 85 24 45 45
0062_0111_0099_0025_0025.jpg 1 111 99 25 25
0063_0029_0098_0031_0031.jpg 1 29 98 31 31
0064_0060_0050_0035_0035.jpg 1 60 50 35 35
0065_0009_0043_0089_0089.jpg 1 9 43 89 89
0066_0027_0033_0044_0044.jpg 1 27 33 44 44
0067_0053_0085_0026_0026.jpg 1 53 85 26 26
0068_0073_0057_0042_0042.jpg 1 73 57 42 42
0069_0060_0046_0064_0064.jpg 1 60 46 64 64
0070_0027_0023_0068_0068.jpg 1 27 23 68 68
0071_0012_0028_0104_0104.jpg 1 12 28 104 104
0072_0052_0066_0070_0070.jpg 1 52 66 70 70
0073_0044_0019_0093_0093.jpg 1 44 19 93 93
0074_0068_0031_0029_0029.jpg 1 68 31 29 29
0075_0043_0025_0093_0093.jpg 1 43 25 93 93
0076_0057_0039_0046_0046.jpg 1 57 39 46 46
0077_0040_0051_0087_0087.jpg 1 40 51 87 87
0078_0012_0072_0041_0041.jpg 1 12 72 41 41
0079_0029_0074_0040_0040.jpg 1 29 74 40 40
0080_0023_0034_0053_0053.jpg 1 23 34 53 53
0081_0024_0090_0026_0026.jpg 1 24 90 26 26
0082_0019_0078_0060_0060.jpg 1 19 78 60 60
0083_0057_0068_0043_0043.jpg 1 57 68 43 43
0084_0058_0044_0060_0060.jpg 1 58 44 60 60
0085_0074_0018_0048_0048.jpg 1 74 18 48 48
0086_0027_0020_0075_0075.jpg 1 27 20 75 75
0087_0057_0023_0086_0086.jpg 1 57 23 86 86
0088_0038_0025_0093_0093.jpg 1 38 25 93 93
0089_0020_0041_0079_0079.jpg 1 20 41 79 79
0090_0037_0097_0036_0036.jpg 1 37 97 36 36
0091_0046_0044_0055_0055.jpg 1 46 44 55 55
0092_0004_0029_0103_0103.jpg 1 4 29 103 103
0093_0039_0058_0024_0024.jpg 1 39 58 24 24
0094_0068_0060_0042_0042.jpg 1 68 60 42 42
0095_0058_0024_0056_0056.jpg 1 58 24 56 56
0096_0105_0063_0025_0025.jpg 1 105 63 25 25
0097_0014_0018_0096_0096.jpg 1 14 18 96 96
0098_0042_0079_0047_0047.jpg 1 42 79 47 47
0099_0049_0033_0041_0041.jpg 1 49 33 41 41
0100_0058_0023_0067_0067.jpg 1 58 23 67 67
0101_0033_0041_0056_0056.jpg 1 33 41 56 56
0102_0105_0086_0027_0027.jpg 1 105 86 27 27
0103_0060_0022_0035_0035.jpg 1 60 22 35 35
0104_0040_0015_0033_0033.jpg 1 40 15 33 33
0105_0031_0016_0096_0096.jpg 1 31 16 96 96
0106_0038_0039_0096_0096.jpg 1 38 39 96 96
0107_0065_0024_0065_0065.jpg 1 65 24 65 65
0108_0019_0038_0026_0026.jpg 1 19 38 26 26
0109_0041_0033_0098_0098.jpg 1 41 33 98 98
0110_0044_0043_0083_0083.jpg 1 44 43 83 83
0111_0009_0070_0063_0063.jpg 1 9 70 63 63
0112_0035_0038_0097_0097.jpg 1 35 38 97 97
0113_0010_0033_0074_0074.jpg 1 10 33 74 74
0114_0026_0053_0067_0067.jpg 1 26 53 67 67
0115_0040_0021_0093_0093.jpg 1 40 21 93 93
0116_0052_0020_0025_0025.jpg 1 52 20 25 25
0117_0065_0035_0064_0064.jpg 1 65 35 64 64
0118_0092_0047_0042_0042.jpg 1 92 47 42 42
0119_0014_0010_0052_0052.jpg 1 14 10 52 52
0120_0039_0072_0036_0036.jpg 1 39 72 36 36
0121_0102_0026_0030_0030.jpg 1 102 26 30 30
0122_0097_0046_0024_0024.jpg 1 97 46 24 24
0123_0054_0045_0059_0059.jpg 1 54 45 59 59
0124_0036_0060_0055_0055.jpg 1 36 60 55 55
0125_0019_0041_0072_0072.jpg 1 19 41 72 72
0126_0059_0054_0036_0036.jpg 1 59 54 36 36
0127_0030_0066_0076_0076.jpg 1 30 66 76 76
0128_0065_0056_0040_0040.jpg 1 65 56 40 40
0129_0012_0038_0061_0061.jpg 1 12 38 61 61
0130_0083_0086_0044_0044.jpg 1 83 86 44 44
0131_0037_0061_0051_0051.jpg 1 37 61 51 51
0132_0017_0056_0079_0079.jpg 1 17 56 79 79
0133_0078_0052_0060_0060.jpg 1 78 52 60 60
0134_0073_0078_0029_0029.jpg 1 73 78 29 29
0135_0017_0039_0091_0091.jpg 1 17 39 91 91
0136_0062_0054_0077_0077.jpg 1 62 54 77 77
0137_0049_0090_0048_0048.jpg 1 49 90 48 48
0138_0034_0048_0027_0027.jpg 1 34 48 27 27
0139_0048_0039_0033_0033.jpg 1 48 39 33 33
0140_0090_0014_0045_0045.jpg 1 90 14 45 45
0141_0012_0028_0036_0036.jpg 1 12 28 36 36
0142_0028_0028_0054_0054.jpg 1 28 28 54 54
0143_0027_0007_0094_0094.jpg 1 27 7 94 94
0144_0053_0080_0043_0043.jpg 1 53 80 43 43
0145_0013_0026_0056_0056.jpg 1 13 26 56 56
0146_0033_0035_0026_0026.jpg 1 33 35 26 26
0147_0051_0052_0077_0077.jpg 1 51 52 77 77
0148_0035_0039_0103_0103.jpg 1 35 39 103 103
0149_0080_0063_0053_0053.jpg 1 80 63 53 53
0150_0028_0008_0080_0080.jpg 1 28 8 80 80
0151_0069_0031_0057_0057.jpg 1 69 31 57 57
0152_0022_0016_0099_0099.jpg 1 22 16 99 99
0153_0016_0027_0092_0092.jpg 1 16 27 92 92
0154_0063_0039_0074_0074.jpg 1 63 39 74 74
0155_0039_0050_0048_0048.jpg 1 39 50 48 48
0156_0068_0034_0061_0061.jpg 1 68 34 61 61
0157_0034_0062_0034_0034.jpg 1 34 62 34 34
0158_0024_0053_0074_0074.jpg 1 24 53 74 74
0159_0019_0039_0061_0061.jpg 1 19 39 61 61
0160_0007_0052_0086_0086.jpg 1 7 52 86 86
0161_0029_0025_0025_0025.jpg 1 29 25 25 25
0162_0064_0055_0054_0054.jpg 1 64 55 54 54
0163_0019_0032_0061_0061.jpg 1 19 32 61 61
0164_0097_0035_0034_0034.jpg 1 97 35 34 34
0165_0049_0029_0037_0037.jpg 1 49 29 37 37
0166_0033_0014_0076_0076.jpg 1 33 14 76 76
0167_0078_0076_0062_0062.jpg 1 78 76 62 62
0168_0028_0066_0076_0076.jpg 1 28 66 76 76
0169_0102_0063_0030_0030.jpg 1 102 63 30 30
0170_0058_0055_0081_0081.jpg 1 58 55 81 81
0171_0065_0041_0068_0068.jpg 1 65 41 68 68
0172_0043_0057_0068_0068.jpg 1 43 57 68 68
0173_0051_0040_0058_0058.jpg 1 51 40 58 58
0174_0012_0007_0101_0101.jpg 1 12 7 101 101
0175_0014_0046_0027_0027.jpg 1 14 46 27 27
0176_0019_0058_0062_0062.jpg 1 19 58 62 62
0177_0049_0069_0039_0039.jpg 1 49 69 39 39
0178_0015_0019_0047_0047.jpg 1 15 19 47 47
0179_0033_0020_0064_0064.jpg 1 33 20 64 64
0180_0011_0096_0034_0034.jpg 1 11 96 34 34
0181_0086_0016_0039_0039.jpg 1 86 16 39 39
0182_0043_0065_0065_0065.jpg 1 43 65 65 65
0183_0021_0028_0075_0075.jpg 1 21 28 75 75
0184_0026_0019_0033_0033.jpg 1 26 19 33 33
0185_0046_0057_0046_0046.jpg 1 46 57 46 46
0186_0005_0011_0103_0103.jpg 1 5 11 103 103
0187_0096_0099_0025_0025.jpg 1 96 99 25 25
0188_0039_0032_0069_0069.jpg 1 39 32 69 69
0189_0027_0018_0102_0102.jpg 1 27 18 102 102
0190_0029_0036_0101_0101.jpg 1 29 36 101 101
0191_0019_0023_0073_0073.jpg 1 19 23 73 73
0192_0036_0015_0055_0055.jpg 1 36 15 55 55
0193_0018_0069_0051_0051.jpg 1 18 69 51 51
0194_0055_0032_0084_0084.jpg 1 55 32 84 84
0195_0090_0063_0049_0049.jpg 1 90 63 49 49
0196_0030_0058_0083_0083.jpg 1 30 58 83 83
0197_0016_0034_0099_0099.jpg 1 16 34 99 99
0198_0051_0060_0057_0057.jpg 1 51 60 57 57
0199_0072_0070_0034_0034.jpg 1 72 70 34 34
0200_0025_0027_0061_0061.jpg 1 25 27 61 61
0201_0064_0041_0063_0063.jpg 1 64 41 63 63
0202_0014_0033_0099_0099.jpg 1 14 33 99 99
0203_0030_0089_0032_0032.jpg 1 30 89 32 32
0204_0044_0032_0058_0058.jpg 1 44 32 58 58
0205_0024_0019_0074_0074.jpg 1 24 19 74 74
0206_0045_0033_0078_0078.jpg 1 45 33 78 78
0207_0007_0051_0091_0091.jpg 1 7 51 91 91
0208_0063_0047_0039_0039.jpg 1 63 47 39 39
0209_0034_0058_0081_0081.jpg 1 34 58 81 81
0210_0028_0032_0085_0085.jpg 1 28 32 85 85
0211_0062_0046_0072_0072.jpg 1 62 46 72 72
0212_0081_0028_0034_0034.jpg 1 81 28 34 34
0213_0068_0048_0069_0069.jpg 1 68 48 69 69
0214_0013_0038_0068_0068.jpg 1 13 38 68 68
0215_0094_0050_0032_0032.jpg 1 94 50 32 32
0216_0005_0011_0104_0104.jpg 1 5 11 104 104
0217_0039_0013_0091_0091.jpg 1 39 13 91 91
0218_0010_0058_0051_0051.jpg 1 10 58 51 51
0219_0032_0046_0050_0050.jpg 1 32 46 50 50
0220_0081_0035_0034_0034.jpg 1 81 35 34 34
0221_0031_0016_0049_0049.jpg 1 31 16 49 49
0222_0050_0035_0067_0067.jpg 1 50 35 67 67
0223_0059_0056_0073_0073.jpg 1 59 56 73 73
0224_0033_0018_0043_0043.jpg 1 33 18 43 43
0225_0030_0043_0043_0043.jpg 1 30 43 43 43
0226_0033_0030_0045_0045.jpg 1 33 30 45 45
0227_0025_0027_0044_0044.jpg 1 25 27 44 44
0228_0072_0097_0033_0033.jpg 1 72 97 33 33
0229_0058_0073_0027_0027.jpg 1 58 73 27 27
0230_0020_0017_0094_0094.jpg 1 20 17 94 94
0231_0014_0031_0104_0104.jpg 1 14 31 104 104
0232_0041_0058_0070_0070.jpg 1 41 58 70 70
0233_0045_0044_0053_0053.jpg 1 45 44 53 53
0234_0084_0087_0029_0029.jpg 1 84 87 29 29
0235_0059_0008_0075_0075.jpg 1 59 8 75 75
0236_0055_0077_0041_0041.jpg 1 55 77 41 41
0237_0045_0067_0037_0037.jpg 1 45 67 37 37
0238_0050_0026_0030_0030.jpg 1 50 26 30 30
0239_0027_0054_0061_0061.jpg 1 27 54 61 61
0240_0098_0061_0039_0039.jpg 1 98 61 39 39
0241_0060_0010_0079_0079.jpg 1 60 10 79 79
0242_0021_0042_0092_0092.jpg 1 21 42 92 92
0243_0054_0050_0054_0054.jpg 1 54 50 54 54
0244_0041_0039_0072_0072.jpg 1 41 39 72 72
0245_0011_0038_0085_0085.jpg 1 11 38 85 85
0246_0071_0064_0054_0054.jpg 1 71 64 54 54
0247_0047_0026_0081_0081.jpg 1 47 26 81 81
0248_0036_0051_0088_0088.jpg 1 36 51 88 88
0249_0019_0006_0095_0095.jpg 1 19 6 95 95
0250_0053_0022_0057_0057.jpg 1 53 22 57 57
0251_0097_0078_0024_0024.jpg 1 97 78 24 24
0252_0022_0024_0078_0078.jpg 1 22 24 78 78
0253_0016_0036_0076_0076.jpg 1 16 36 76 76
0254_0036_0023_0098_0098.jpg 1 36 23 98 98
0255_0088_0096_0032_0032.jpg 1 88 96 32 32
0256_0041_0097_0027_0027.jpg 1 41 97 27 27
0257_0013_0034_0067_0067.jpg 1 13 34 67 67
0258_0052_0089_0044_0044.jpg 1 52 89 44 44
0259_0010_0019_0094_0094.jpg 1 10 19 94 94
0260_0038_0005_0100_0100.jpg 1 38 5 100 100
0261_0046_0027_0095_0095.jpg 1 46 27 95 95
0262_0042_0042_0101_0101.jpg 1 42 42 101 101
0263_0026_0023_0072_0072.jpg 1 26 23 72 72
0264_0020_0059_0065_0065.jpg 1 20 59 65 65
0265_0047_0007_0080_0080.jpg 1 47 7 80 80
0266_0017_0063_0038_0038.jpg 1 17 63 38 38
0267_0027_0044_0093_0093.jpg 1 27 44 93 93
0268_0029_0069_0070_0070.jpg 1 29 69 70 70
0269_0054_0049_0082_0082.jpg 1 54 49 82 82
0270_0018_0010_0103_0103.jpg 1 18 10 103 103
0271_0046_0013_0076_0076.jpg 1 46 13 76 76
0272_0017_0007_0072_0072.jpg 1 17 7 72 72
0273_0046_0073_0065_0065.jpg 1 46 73 65 65
0274_0044_0040_0096_0096.jpg 1 44 40 96 96
0275_0067_0023_0071_0071.jpg 1 67 23 71 71
0276_0046_0048_0082_0082.jpg 1 46 48 82 82
0277_0024_0045_0095_0095.jpg 1 24 45 95 95
0278_0011_0033_0048_0048.jpg 1 11 33 48 48
0279_0010_0012_0095_0095.jpg 1 10 12 95 95
0280_0075_0058_0055_0055.jpg 1 75 58 55 55
0281_0012_0050_0082_0082.jpg 1 12 50 82 82
0282_0010_0061_0081_0081.jpg 1 10 61 81 81
0283_0025_0014_0097_0097.jpg 1 25 14 97 97
0284_0054_0083_0042_0042.jpg 1 54 83 42 42
0285_0012_0039_0088_0088.jpg 1 12 39 88 88
0286_0068_0029_0036_0036.jpg 1 68 29 36 36
0287_0034_0034_0060_0060.jpg 1 34 34 60 60
0288_0009_0020_0058_0058.jpg 1 9 20 58 58
0289_0034_0016_0097_0097.jpg 1 34 16 97 97
0290_0008_0031_0075_0075.jpg 1 8 31 75 75
0291_0051_0028_0086_0086.jpg 1 51 28 86 86
0292_0094_0046_0043_0043.jpg 1 94 46 43 43
0293_0074_0026_0028_0028.jpg 1 74 26 28 28
0294_0089_0024_0037_0037.jpg 1 89 24 37 37
0295_0066_0034_0033_0033.jpg 1 66 34 33 33
0296_0030_0029_0089_0089.jpg 1 30 29 89 89
0297_0102_0108_0026_0026.jpg 1 102 108 26 26
0298_0014_0083_0038_0038.jpg 1 14 83 38 38
0299_0046_0028_0098_0098.jpg 1 46 28 98 98
0300_0082_0044_0029_0029.jpg 1 82 44 29 29
0301_0040_0045_0030_0030.jpg 1 40 45 30 30
0302_0013_0020_0078_0078.jpg 1 13 20 78 78
0303_0049_0043_0062_0062.jpg 1 49 43 62 62
0304_0015_0053_0088_0088.jpg 1 15 53 88 88
0305_0054_0049_0061_0061.jpg 1 54 49 61 61
0306_0095_0037_0027_0027.jpg 1 95 37 27 27
0307_0021_0055_0060_0060.jpg 1 21 55 60 60
0308_0031_0054_0081_0081.jpg 1 31 54 81 81
0309_0036_0035_0077_0077.jpg 1 36 35 77 77
0310_0070_0017_0039_0039.jpg 1 70 17 39 39
0311_0025_0088_0051_0051.jpg 1 25 88 51 51
0312_0023_0100_0034_0034.jpg 1 23 100 34 34
0313_0052_0015_0080_0080.jpg 1 52 15 80 80
0314_0062_0093_0044_0044.jpg 1 62 93 44 44
0315_0021_0033_0101_0101.jpg 1 21 33 101 101
0316_0025_0037_0084_0084.jpg 1 25 37 84 84
0317_0039_0010_0088_0088.jpg 1 39 10 88 88
0318_0038_0101_0027_0027.jpg 1 38 101 27 27
0319_0014_0049_0094_0094.jpg 1 14 49 94 94
0320_0108_0072_0028_0028.jpg 1 108 72 28 28
0321_0041_0036_0101_0101.jpg 1 41 36 101 101
0322_0051_0049_0085_0085.jpg 1 51 49 85 85
0323_0053_0047_0059_0059.jpg 1 53 47 59 59
0324_0083_0030_0057_0057.jpg 1 83 30 57 57
0325_0050_0037_0091_0091.jpg 1 50 37 91 91
0326_0034_0008_0093_0093.jpg 1 34 8 93 93
0327_0028_0045_0096_0096.jpg 1 28 45 96 96
0328_0042_0021_0099_0099.jpg 1 42 21 99 99
0329_0070_0015_0027_0027.jpg 1 70 15 27 27
0330_0022_0015_0084_0084.jpg 1 22 15 84 84
0331_0075_0056_0048_0048.jpg 1 75 56 48 48
0332_0094_0065_0032_0032.jpg 1 94 65 32 32
0333_0009_0019_0074_0074.jpg 1 9 19 74 74
0334_0037_0042_0081_0081.jpg 1 37 42 81 81
0335_0070_0074_0038_0038.jpg 1 70 74 38 38
0336_0054_0075_0059_0059.jpg 1 54 75 59 59
0337_0013_0014_0104_0104.jpg 1 13 14 104 104
0338_0049_0025_0031_0031.jpg 1 49 25 31 31
0339_0028_0051_0064_0064.jpg 1 28 51 64 64
0340_0082_0085_0031_0031.jpg 1 82 85 31 31
0341_0017_0036_0075_0075.jpg 1 17 36 75 75
0342_0047_0085_0025_0025.jpg 1 47 85 25 25
0343_0016_0051_0081_0081.jpg 1 16 51 81 81
0344_0015_0065_0069_0069.jpg 1 15 65 69 69
0345_0044_0011_0060_0060.jpg 1 44 11 60 60
0346_0017_0049_0056_0056.jpg 1 17 49 56 56
0347_0064_0048_0074_0074.jpg 1 64 48 74 74
0348_0052_0065_0076_0076.jpg 1 52 65 76 76
0349_0053_0011_0072_0072.jpg 1 53 11 72 72
0350_0032_0065_0035_0035.jpg 1 32 65 35 35
0351_0020_0032_0068_0068.jpg 1 20 32 68 68
0352_0037_0026_0079_0079.jpg 1 37 26 79 79
0353_0010_0025_0071_0071.jpg 1 10 25 71 71
0354_0026_0045_0064_0064.jpg 1 26 45 64 64
0355_0035_0034_0091_0091.jpg 1 35 34 91 91
0356_0074_0075_0050_0050.jpg 1 74 75 50 50
0357_0020_0013_0080_0080.jpg 1 20 13 80 80
0358_0039_0068_0055_0055.jpg 1 39 68 55 55
0359_0011_0062_0074_0074.jpg 1 11 62 74 74
0360_0032_0043_0073_0073.jpg 1 32 43 73 73
0361_0040_0024_0096_0096.jpg 1 40 24 96 96
0362_0019_0106_0029_0029.jpg 1 19 106 29 29
0363_0065_0083_0051_0051.jpg 1 65 83 51 51
0364_0029_0039_0084_0084.jpg 1 29 39 84 84
0365_0014_0064_0073_0073.jpg 1 14 64 73 73
0366_0037_0020_0100_0100.jpg 1 37 20 100 100
0367_0012_0019_0076_0076.jpg 1 12 19 76 76
0368_0056_0028_0073_0073.jpg 1 56 28 73 73
0369_0069_0043_0068_0068.jpg 1 69 43 68 68
0370_0023_0041_0058_0058.jpg 1 23 41 58 58
0371_0017_0042_0098_0098.jpg 1 17 42 98 98
0372_0064_0108_0026_0026.jpg 1 64 108 26 26
0373_0039_0027_0085_0085.jpg 1 39 27 85 85
0374_0013_0048_0049_0049.jpg 1 13 48 49 49
0375_0047_0034_0086_0086.jpg 1 47 34 86 86
0376_0049_0022_0093_0093.jpg 1 49 22 93 93
0377_0071_0050_0047_0047.jpg 1 71 50 47 47
0378_0028_0042_0099_0099.jpg 1 28 42 99 99
0379_0029_0058_0083_0083.jpg 1 29 58 83 83
0380_0054_0041_0071_0071.jpg 1 54 41 71 71
0381_0096_0086_0037_0037.jpg 1 96 86 37 37
0382_0052_0064_0055_0055.jpg 1 52 64 55 55
0383_0051_0055_0057_0057.jpg 1 51 55 57 57
0384_0050_0051_0067_0067.jpg 1 50 51 67 67
0385_0077_0092_0029_0029.jpg 1 77 92 29 29
0386_0088_0057_0043_0043.jpg 1 88 57 43 43
0387_0073_0014_0046_0046.jpg 1 73 14 46 46
0388_0057_0037_0045_0045.jpg 1 57 37 45 45
0389_0011_0055_0052_0052.jpg 1 11 55 52 52
0390_0059_0060_0077_0077.jpg 1 59 60 77 77
0391_0035_0035_0080_0080.jpg 1 35 35 80 80
0392_0023_0081_0055_0055.jpg 1 23 81 55 55
0393_0027_0054_0086_0086.jpg 1 27 54 86 86
0394_0058_0054_0060_0060.jpg 1 58 54 60 60
0395_0051_0013_0082_0082.jpg 1 51 13 82 82
0396_0066_0049_0069_0069.jpg 1 66 49 69 69
0397_0044_0016_0083_0083.jpg 1 44 16 83 83
0398_0032_0043_0027_0027.jpg 1 32 43 27 27
0399_0043_0037_0082_0082.jpg 1 43 37 82 82
0400_0009_0034_0077_0077.jpg 1 9 34 77 77
0401_0067_0025_0040_0040.jpg 1 67 25 40 40
0402_0028_0026_0027_0027.jpg 1 28 26 27 27
0403_0037_0027_0102_0102.jpg 1 37 27 102 102
0404_0098_0028_0040_0040.jpg 1 98 28 40 40
0405_0012_0044_0075_0075.jpg 1 12 44 75 75
0406_0080_0082_0028_0028.jpg 1 80 82 28 28
0407_0016_0028_0096_0096.jpg 1 16 28 96 96
0408_0028_0007_0093_0093.jpg 1 28 7 93 93
0409_0027_0059_0073_0073.jpg 1 27 59 73 73
0410_0041_0006_0096_0096.jpg 1 41 6 96 96
0411_0006_0024_0101_0101.jpg 1 6 24 101 101
0412_0042_0010_0094_0094.jpg 1 42 10 94 94
0413_0015_0011_0097_0097.jpg 1 15 11 97 97
0414_0015_0028_0026_0026.jpg 1 15 28 26 26
0415_0056_0049_0041_0041.jpg 1 56 49 41 41
0416_0057_0021_0028_0028.jpg 1 57 21 28 28
0417_0047_0063_0077_0077.jpg 1 47 63 77 77
0418_0071_0071_0041_0041.jpg 1 71 71 41 41
0419_0027_0023_0081_0081.jpg 1 27 23 81 81
0420_0076_0031_0059_0059.jpg 1 76 31 59 59
0421_0045_0074_0064_0064.jpg 1 45 74 64 64
0422_0033_0073_0063_0063.jpg 1 33 73 63 63
0423_0040_0037_0075_0075.jpg 1 40 37 75 75
0424_0055_0036_0038_0038.jpg 1 55 36 38 38
0425_0032_0044_0084_0084.jpg 1 32 44 84 84
0426_0027_0013_0088_0088.jpg 1 27 13 88 88
0427_0015_0033_0035_0035.jpg 1 15 33 35 35
0428_0023_0029_0061_0061.jpg 1 23 29 61 61
0429_0058_0033_0085_0085.jpg 1 58 33 85 85
0430_0028_0042_0102_0102.jpg 1 28 42 102 102
0431_0065_0066_0027_0027.jpg 1 65 66 27 27
0432_0012_0011_0091_0091.jpg 1 12 11 91 91
0433_0070_0033_0066_0066.jpg 1 70 33 66 66
0434_0091_0057_0042_0042.jpg 1 91 57 42 42
0435_0049_0028_0085_0085.jpg 1 49 28 85 85
0436_0056_0017_0051_0051.jpg 1 56 17 51 51
0437_0087_0019_0051_0051.jpg 1 87 19 51 51
0438_0041_0014_0099_0099.jpg 1 41 14 99 99
0439_0021_0038_0102_0102.jpg 1 21 38 102 102
0440_0016_0038_0074_0074.jpg 1 16 38 74 74
0441_0014_0020_0075_0075.jpg 1 14 20 75 75
0442_0061_0026_0070_0070.jpg 1 61 26 70 70
0443_0016_0019_0065_0065.jpg 1 16 19 65 65
0444_0025_0016_0044_0044.jpg 1 25 16 44 44
0445_0040_0018_0069_0069.jpg 1 40 18 69 69
0446_0019_0020_0094_0094.jpg 1 19 20 94 94
0447_0056_0057_0080_0080.jpg 1 56 57 80 80
0448_0052_0020_0030_0030.jpg 1 52 20 30 30
0449_0037_0019_0097_0097.jpg 1 37 19 97 97
0450_0077_0040_0059_0059.jpg 1 77 40 59 59
0451_0053_0007_0087_0087.jpg 1 53 7 87 87
0452_0047_0044_0064_0064.jpg 1 47 44 64 64
0453_0017_0102_0029_0029.jpg 1 17 102 29 29
0454_0009_0054_0079_0079.jpg 1 9 54 79 79
0455_0054_0011_0085_0085.jpg 1 54 11 85 85
0456_0011_0066_0071_0071.jpg 1 11 66 71 71
0457_0086_0060_0045_0045.jpg 1 86 60 45 45
0458_0047_0060_0060_0060.jpg 1 47 60 60 60
0459_0006_0013_0097_0097.jpg 1 6 13 97 97
0460_0023_0047_0072_0072.jpg 1 23 47 72 72
0461_0091_0060_0048_0048.jpg 1 91 60 48 48
0462_0041_0025_0091_0091.jpg 1 41 25 91 91
0463_0056_0065_0074_0074.jpg 1 56 65 74 74
0464_0031_0010_0065_0065.jpg 1 31 10 65 65
0465_0105_0089_0030_0030.jpg 1 105 89 30 30
0466_0021_0006_0101_0101.jpg 1 21 6 101 101
0467_0084_0022_0044_0044.jpg 1 84 22 44 44
0468_0044_0016_0085_0085.jpg 1 44 16 85 85
0469_0008_0049_0076_0076.jpg 1 8 49 76 76
0470_0030_0104_0029_0029.jpg 1 30 104 29 29
0471_0012_0016_0055_0055.jpg 1 12 16 55 55
0472_0020_0043_0097_0097.jpg 1 20 43 97 97
0473_0020_0059_0061_0061.jpg 1 20 59 61 61
0474_0029_0040_0052_0052.jpg 1 29 40 52 52
0475_0010_0024_0069_0069.jpg 1 10 24 69 69
0476_0076_0038_0036_0036.jpg 1 76 38 36 36
0477_0099_0023_0038_0038.jpg 1 99 23 38 38
0478_0017_0039_0099_0099.jpg 1 17 39 99 99
0479_0092_0084_0038_0038.jpg 1 92 84 38 38
0480_0063_0038_0054_0054.jpg 1 63 38 54 54
0481_0045_0059_0058_0058.jpg 1 45 59 58 58
0482_0039_0028_0075_0075.jpg 1 39 28 75 75
0483_0027_0041_0065_0065.jpg 1 27 41 65 65
0484_0048_0014_0045_0045.jpg 1 48 14 45 45
0485_0014_0009_0104_0104.jpg 1 14 9 104 104
0486_0030_0094_0038_0038.jpg 1 30 94 38 38
0487_0038_0025_0061_0061.jpg 1 38 25 61 61
0488_0072_0057_0030_0030.jpg 1 72 57 30 30
0489_0081_0014_0030_0030.jpg 1 81 14 30 30
0490_0053_0058_0077_0077.jpg 1 53 58 77 77
0491_0014_0008_0102_0102.jpg 1 14 8 102 102
0492_0059_0050_0068_0068.jpg 1 59 50 68 68
0493_0079_0030_0054_0054.jpg 1 79 30 54 54
0494_0068_0034_0028_0028.jpg 1 68 34 28 28
0495_0015_0023_0087_0087.jpg 1 15 23 87 87
0496_0013_0040_0093_0093.jpg 1 13 40 93 93
0497_0099_0035_0031_0031.jpg 1 99 35 31 31
0498_0011_0047_0070_0070.jpg 1 11 47 70 70
0499_0029_0036_0098_0098.jpg 1 29 36 98 98
0500_0025_0018_0100_0100.jpg 1 25 18 100 100
0501_0029_0054_0089_0089.jpg 1 29 54 89 89
0502_0060_0055_0049_0049.jpg 1 60 55 49 49
0503_0016_0034_0098_0098.jpg 1 16 34 98 98
0504_0071_0057_0026_0026.jpg 1 71 57 26 26
0505_0064_0028_0044_0044.jpg 1 64 28 44 44
0506_0029_0043_0099_0099.jpg 1 29 43 99 99
0507_0039_0043_0095_0095.jpg 1 39 43 95 95
0508_0039_0024_0056_0056.jpg 1 39 24 56 56
0509_0043_0041_0093_0093.jpg 1 43 41 93 93
0510_0027_0038_0094_0094.jpg 1 27 38 94 94
0511_0010_0009_0086_0086.jpg 1 10 9 86 86
0512_0045_0020_0097_0097.jpg 1 45 20 97 97
0513_0010_0024_0098_0098.jpg 1 10 24 98 98
0514_0015_0053_0065_0065.jpg 1 15 53 65 65
0515_0006_0035_0099_0099.jpg 1 6 35 99 99
0516_0051_0024_0086_0086.jpg 1 51 24 86 86
0517_0032_0030_0063_0063.jpg 1 32 30 63 63
0518_0048_0027_0056_0056.jpg 1 48 27 56 56
0519_0062_0016_0072_0072.jpg 1 62 16 72 72
0520_0006_0017_0091_0091.jpg 1 6 17 91 91
0521_0019_0069_0068_0068.jpg 1 19 69 68 68
0522_0065_0023_0050_0050.jpg 1 65 23 50 50
0523_0014_0054_0078_0078.jpg 1 14 54 78 78
0524_0054_0069_0036_0036.jpg 1 54 69 36 36
0525_0024_0030_0085_0085.jpg 1 24 30 85 85
0526_0030_0090_0039_0039.jpg 1 30 90 39 39
0527_0049_0020_0071_0071.jpg 1 49 20 71 71
0528_0023_0039_0037_0037.jpg 1 23 39 37 37
0529_0013_0043_0066_0066.jpg 1 13 43 66 66
0530_0057_0043_0042_0042.jpg 1 57 43 42 42
0531_0022_0066_0070_0070.jpg 1 22 66 70 70
0532_0031_0031_0062_0062.jpg 1 31 31 62 62
0533_0035_0046_0070_0070.jpg 1 35 46 70 70
0534_0031_0083_0050_0050.jpg 1 31 83 50 50
0535_0032_0090_0036_0036.jpg 1 32 90 36 36
0536_0068_0081_0050_0050.jpg 1 68 81 50 50
0537_0052_0029_0078_0078.jpg 1 52 29 78 78
0538_0065_0051_0054_0054.jpg 1 65 51 54 54
0539_0034_0020_0082_0082.jpg 1 34 20 82 82
0540_0015_0017_0076_0076.jpg 1 15 17 76 76
0541_0030_0057_0047_0047.jpg 1 30 57 47 47
0542_0020_0050_0072_0072.jpg 1 20 50 72 72
0543_0044_0051_0061_0061.jpg 1 44 51 61 61
0544_0045_0068_0041_0041.jpg 1 45 68 41 41
0545_0030_0039_0063_0063.jpg 1 30 39 63 63
0546_0068_0103_0025_0025.jpg 1 68 103 25 25
0547_0052_0048_0091_0091.jpg 1 52 48 91 91
0548_0063_0034_0051_0051.jpg 1 63 34 51 51
0549_0091_0015_0027_0027.jpg 1 91 15 27 27
0550_0044_0014_0070_0070.jpg 1 44 14 70 70
0551_0015_0012_0093_0093.jpg 1 15 12 93 93
0552_0044_0030_0067_0067.jpg 1 44 30 67 67
0553_0026_0052_0085_0085.jpg 1 26 52 85 85
0554_0032_0081_0038_0038.jpg 1 32 81 38 38
0555_0062_0019_0064_0064.jpg 1 62 19 64 64
0556_0065_0092_0041_0041.jpg 1 65 92 41 41
0557_0038_0032_0039_0039.jpg 1 38 32 39 39
0558_0057_0030_0068_0068.jpg 1 57 30 68 68
0559_0035_0020_0078_0078.jpg 1 35 20 78 78
0560_0030_0086_0051_0051.jpg 1 30 86 51 51
0561_0057_0036_0050_0050.jpg 1 57 36 50 50
0562_0044_0046_0094_0094.jpg 1 44 46 94 94
0563_0062_0053_0038_0038.jpg 1 62 53 38 38
0564_0043_0045_0079_0079.jpg 1 43 45 79 79
0565_0050_0015_0035_0035.jpg 1 50 15 35 35
0566_0022_0036_0028_0028.jpg 1 22 36 28 28
0567_0023_0035_0088_0088.jpg 1 23 35 88 88
0568_0066_0025_0064_0064.jpg 1 66 25 64 64
0569_0021_0032_0070_0070.jpg 1 21 32 70 70
0570_0018_0028_0086_0086.jpg 1 18 28 86 86
0571_0023_0058_0051_0051.jpg 1 23 58 51 51
0572_0039_0018_0079_0079.jpg 1 39 18 79 79
0573_0050_0045_0045_0045.jpg 1 50 45 45 45
0574_0045_0007_0093_0093.jpg 1 45 7 93 93
0575_0074_0044_0030_0030.jpg 1 74 44 30 30
0576_0045_0034_0026_0026.jpg 1 45 34 26 26
0577_0025_0033_0078_0078.jpg 1 25 33 78 78
0578_0073_0061_0037_0037.jpg 1 73 61 37 37
0579_0012_0011_0053_0053.jpg 1 12 11 53 53
0580_0065_0074_0064_0064.jpg 1 65 74 64 64
0581_0020_0055_0036_0036.jpg 1 20 55 36 36
0582_0026_0032_0081_0081.jpg 1 26 32 81 81
0583_0039_0087_0025_0025.jpg 1 39 87 25 25
0584_0037_0020_0087_0087.jpg 1 37 20 87 87
0585_0035_0041_0062_0062.jpg 1 35 41 62 62
0586_0042_0025_0102_0102.jpg 1 42 25 102 102
0587_0025_0028_0066_0066.jpg 1 25 28 66 66
0588_0018_0014_0065_0065.jpg 1 18 14 65 65
0589_0009_0036_0085_0085.jpg 1 9 36 85 85
0590_0014_0096_0030_0030.jpg 1 14 96 30 30
0591_0037_0050_0066_0066.jpg 1 37 50 66 66
0592_0048_0051_0082_0082.jpg 1 48 51 82 82
0593_0029_0021_0101_0101.jpg 1 29 21 101 101
0594_0018_0027_0102_0102.jpg 1 18 27 102 102
0595_0042_0061_0064_0064.jpg 1 42 61 64 64
0596_0014_0022_0053_0053.jpg 1 14 22 53 53
0597_0048_0038_0091_0091.jpg 1 48 38 91 91
0598_0013_0012_0077_0077.jpg 1 13 12 77 77
0599_0062_0013_0076_0076.jpg 1 62 13 76 76
0600_0082_0066_0051_0051.jpg 1 82 66 51 51
0601_0076_0014_0027_0027.jpg 1 76 14 27 27
0602_0012_0010_0089_0089.jpg 1 12 10 89 89
0603_0012_0067_0046_0046.jpg 1 12 67 46 46
0604_0055_0033_0074_0074.jpg 1 55 33 74 74
0605_0065_0102_0025_0025.jpg 1 65 102 25 25
0606_0030_0038_0082_0082.jpg 1 30 38 82 82
0607_0086_0037_0040_0040.jpg 1 86 37 40 40
0608_0042_0037_0084_0084.jpg 1 42 37 84 84
0609_0052_0055_0083_0083.jpg 1 52 55 83 83
0610_0100_0031_0027_0027.jpg 1 100 31 27 27
0611_0056_0082_0042_0042.jpg 1 56 82 42 42
0612_0055_0045_0080_0080.jpg 1 55 45 80 80
0613_0016_0015_0065_0065.jpg 1 16 15 65 65
0614_0083_0052_0046_0046.jpg 1 83 52 46 46
0615_0019_0091_0047_0047.jpg 1 19 91 47 47
0616_0053_0050_0033_0033.jpg 1 53 50 33 33
0617_0029_0010_0084_0084.jpg 1 29 10 84 84
0618_0066_0051_0072_0072.jpg 1 66 51 72 72
0619_0013_0061_0040_0040.jpg 1 13 61 40 40
0620_0021_0022_0076_0076.jpg 1 21 22 76 76
0621_0014_0007_0101_0101.jpg 1 14 7 101 101
0622_0033_0016_0072_0072.jpg 1 33 16 72 72
0623_0032_0032_0102_0102.jpg 1 32 32 102 102
0624_0035_0069_0061_0061.jpg 1 35 69 61 61
0625_0071_0009_0062_0062.jpg 1 71 9 62 62
0626_0025_0045_0054_0054.jpg 1 25 45 54 54
0627_0041_0007_0087_0087.jpg 1 41 7 87 87
0628_0018_0033_0061_0061.jpg 1 18 33 61 61
0629_0066_0027_0066_0066.jpg 1 66 27 66 66
0630_0059_0083_0042_0042.jpg 1 59 83 42 42
0631_0031_0015_0032_0032.jpg 1 31 15 32 32
0632_0052_0027_0074_0074.jpg 1 52 27 74 74
0633_0007_0009_0083_0083.jpg 1 7 9 83 83
0634_0067_0062_0074_0074.jpg 1 67 62 74 74
0635_0017_0041_0089_0089.jpg 1 17 41 89 89
0636_0068_0040_0035_0035.jpg 1 68 40 35 35
0637_0089_0085_0041_0041.jpg 1 89 85 41 41
0638_0015_0040_0102_0102.jpg 1 15 40 102 102
0639_0020_0020_0054_0054.jpg 1 20 20 54 54
0640_0083_0088_0026_0026.jpg 1 83 88 26 26
0641_0063_0039_0065_0065.jpg 1 63 39 65 65
0642_0078_0040_0034_0034.jpg 1 78 40 34 34
0643_0021_0079_0038_0038.jpg 1 21 79 38 38
0644_0056_0021_0069_0069.jpg 1 56 21 69 69
0645_0090_0073_0025_0025.jpg 1 90 73 25 25
0646_0019_0027_0097_0097.jpg 1 19 27 97 97
0647_0005_0020_0102_0102.jpg 1 5 20 102 102
0648_0053_0091_0048_0048.jpg 1 53 91 48 48
0649_0065_0054_0050_0050.jpg 1 65 54 50 50
0650_0029_0017_0075_0075.jpg 1 29 17 75 75
0651_0019_0023_0103_0103.jpg 1 19 23 103 103
0652_0062_0024_0075_0075.jpg 1 62 24 75 75
0653_0078_0030_0062_0062.jpg 1 78 30 62 62
0654_0049_0024_0068_0068.jpg 1 49 24 68 68
0655_0071_0017_0064_0064.jpg 1 71 17 64 64
0656_0034_0038_0064_0064.jpg 1 34 38 64 64
0657_0037_0017_0044_0044.jpg 1 37 17 44 44
0658_0037_0050_0088_0088.jpg 1 37 50 88 88
0659_0013_0030_0083_0083.jpg 1 13 30 83 83
0660_0048_0028_0078_0078.jpg 1 48 28 78 78
0661_0034_0025_0097_0097.jpg 1 34 25 97 97
0662_0054_0044_0036_0036.jpg 1 54 44 36 36
0663_0070_0028_0040_0040.jpg 1 70 28 40 40
0664_0034_0023_0056_0056.jpg 1 34 23 56 56
0665_0048_0089_0036_0036.jpg 1 48 89 36 36
0666_0064_0059_0034_0034.jpg 1 64 59 34 34
0667_0036_0028_0082_0082.jpg 1 36 28 82 82
0668_0026_0019_0085_0085.jpg 1 26 19 85 85
0669_0032_0074_0050_0050.jpg 1 32 74 50 50
0670_0034_0033_0087_0087.jpg 1 34 33 87 87
0671_0007_0019_0087_0087.jpg 1 7 19 87 87
0672_0030_0035_0038_0038.jpg 1 30 35 38 38
0673_0070_0066_0032_0032.jpg 1 70 66 32 32
0674_0019_0039_0075_0075.jpg 1 19 39 75 75
0675_0054_0075_0054_0054.jpg 1 54 75 54 54
0676_0068_0026_0071_0071.jpg 1 68 26 71 71
0677_0013_0060_0044_0044.jpg 1 13 60 44 44
0678_0048_0033_0069_0069.jpg 1 48 33 69 69
0679_0034_0013_0036_0036.jpg 1 34 13 36 36
0680_0017_0081_0057_0057.jpg 1 17 81 57 57
0681_0025_0011_0092_0092.jpg 1 25 11 92 92
0682_0013_0038_0037_0037.jpg 1 13 38 37 37
0683_0055_0073_0058_0058.jpg 1 55 73 58 58
0684_0010_0023_0086_0086.jpg 1 10 23 86 86
0685_0027_0058_0084_0084.jpg 1 27 58 84 84
0686_0053_0099_0025_0025.jpg 1 53 99 25 25
0687_0038_0019_0103_0103.jpg 1 38 19 103 103
0688_0016_0019_0044_0044.jpg 1 16 19 44 44
0689_0045_0051_0087_0087.jpg 1 45 51 87 87
0690_0025_0067_0056_0056.jpg 1 25 67 56 56
0691_0029_0036_0094_0094.jpg 1 29 36 94 94
0692_0045_0033_0096_0096.jpg 1 45 33 96 96
0693_0082_0021_0052_0052.jpg 1 82 21 52 52
0694_0016_0075_0044_0044.jpg 1 16 75 44 44
0695_0019_0046_0079_0079.jpg 1 19 46 79 79
0696_0058_0068_0061_0061.jpg 1 58 68 61 61
0697_0045_0050_0092_0092.jpg 1 45 50 92 92
0698_0062_0033_0056_0056.jpg 1 62 33 56 56
0699_0060_0009_0083_0083.jpg 1 60 9 83 83
0700_0101_0018_0034_0034.jpg 1 101 18 34 34
0701_0024_0027_0054_0054.jpg 1 24 27 54 54
0702_0101_0097_0037_0037.jpg 1 101 97 37 37
0703_0051_0008_0092_0092.jpg 1 51 8 92 92
0704_0068_0040_0040_0040.jpg 1 68 40 40 40
0705_0051_0075_0058_0058.jpg 1 51 75 58 58
0706_0068_0023_0069_0069.jpg 1 68 23 69 69
0707_0047_0075_0062_0062.jpg 1 47 75 62 62
0708_0010_0035_0101_0101.jpg 1 10 35 101 101
0709_0020_0016_0098_0098.jpg 1 20 16 98 98
0710_0023_0049_0086_0086.jpg 1 23 49 86 86
0711_0067_0042_0058_0058.jpg 1 67 42 58 58
0712_0010_0029_0088_0088.jpg 1 10 29 88 88
0713_0009_0016_0060_0060.jpg 1 9 16 60 60
0714_0078_0032_0060_0060.jpg 1 78 32 60 60
0715_0041_0014_0100_0100.jpg 1 41 14 100 100
0716_0086_0031_0049_0049.jpg 1 86 31 49 49
0717_0103_0029_0025_0025.jpg 1 103 29 25 25
0718_0065_0061_0076_0076.jpg 1 65 61 76 76
0719_0062_0045_0072_0072.jpg 1 62 45 72 72
0720_0022_0025_0077_0077.jpg 1 22 25 77 77
0721_0012_0052_0072_0072.jpg 1 12 52 72 72
0722_0013_0006_0104_0104.jpg 1 13 6 104 104
0723_0036_0029_0079_0079.jpg 1 36 29 79 79
0724_0030_0048_0073_0073.jpg 1 30 48 73 73
0725_0018_0009_0086_0086.jpg 1 18 9 86 86
0726_0076_0094_0035_0035.jpg 1 76 94 35 35
0727_0007_0038_0089_0089.jpg 1 7 38 89 89
0728_0070_0081_0053_0053.jpg 1 70 81 53 53
0729_0061_0020_0078_0078.jpg 1 61 20 78 78
0730_0065_0076_0055_0055.jpg 1 65 76 55 55
0731_0082_0016_0054_0054.jpg 1 82 16 54 54
0732_0010_0033_0098_0098.jpg 1 10 33 98 98
0733_0072_0028_0052_0052.jpg 1 72 28 52 52
0734_0046_0013_0078_0078.jpg 1 46 13 78 78
0735_0037_0018_0073_0073.jpg 1 37 18 73 73
0736_0045_0067_0063_0063.jpg 1 45 67 63 63
0737_0015_0071_0070_0070.jpg 1 15 71 70 70
0738_0040_0097_0041_0041.jpg 1 40 97 41 41
0739_0058_0021_0069_0069.jpg 1 58 21 69 69
0740_0087_0031_0046_0046.jpg 1 87 31 46 46
0741_0034_0017_0090_0090.jpg 1 34 17 90 90
0742_0077_0023_0045_0045.jpg 1 77 23 45 45
0743_0049_0057_0068_0068.jpg 1 49 57 68 68
0744_0068_0049_0071_0071.jpg 1 68 49 71 71
0745_0013_0041_0099_0099.jpg 1 13 41 99 99
0746_0043_0052_0074_0074.jpg 1 43 52 74 74
0747_0026_0072_0025_0025.jpg 1 26 72 25 25
0748_0058_0077_0053_0053.jpg 1 58 77 53 53
0749_0040_0033_0097_0097.jpg 1 40 33 97 97
0750_0021_0057_0035_0035.jpg 1 21 57 35 35
0751_0062_0082_0049_0049.jpg 1 62 82 49 49
0752_0039_0030_0053_0053.jpg 1 39 30 53 53
0753_0034_0034_0059_0059.jpg 1 34 34 59 59
0754_0062_0016_0061_0061.jpg 1 62 16 61 61
0755_0045_0010_0067_0067.jpg 1 45 10 67 67
0756_0013_0055_0076_0076.jpg 1 13 55 76 76
0757_0075_0052_0028_0028.jpg 1 75 52 28 28
0758_0028_0037_0088_0088.jpg 1 28 37 88 88
0759_0041_0062_0072_0072.jpg 1 41 62 72 72
0760_0059_0062_0069_0069.jpg 1 59 62 69 69
0761_0033_0011_0096_0096.jpg 1 33 11 96 96
0762_0105_0021_0025_0025.jpg 1 105 21 25 25
0763_0015_0036_0104_0104.jpg 1 15 36 104 104
0764_0074_0059_0067_0067.jpg 1 74 59 67 67
0765_0059_0055_0055_0055.jpg 1 59 55 55 55
0766_0041_0013_0032_0032.jpg 1 41 13 32 32
0767_0051_0061_0061_0061.jpg 1 51 61 61 61
0768_0029_0061_0080_0080.jpg 1 29 61 80 80
0769_0009_0015_0102_0102.jpg 1 9 15 102 102
0770_0081_0043_0033_0033.jpg 1 81 43 33 33
0771_0006_0039_0088_0088.jpg 1 6 39 88 88
0772_0082_0091_0044_0044.jpg 1 82 91 44 44
0773_0029_0011_0099_0099.jpg 1 29 11 99 99
0774_0052_0015_0053_0053.jpg 1 52 15 53 53
0775_0041_0060_0082_0082.jpg 1 41 60 82 82
0776_0056_0087_0036_0036.jpg 1 56 87 36 36
0777_0011_0012_0080_0080.jpg 1 11 12 80 80
0778_0048_0063_0078_0078.jpg 1 48 63 78 78
0779_0047_0021_0086_0086.jpg 1 47 21 86 86
0780_0058_0060_0051_0051.jpg 1 58 60 51 51
0781_0011_0072_0034_0034.jpg 1 11 72 34 34
0782_0009_0020_0095_0095.jpg 1 9 20 95 95
0783_0009_0020_0086_0086.jpg 1 9 20 86 86
0784_0042_0042_0067_0067.jpg 1 42 42 67 67
0785_0048_0042_0079_0079.jpg 1 48 42 79 79
0786_0079_0031_0046_0046.jpg 1 79 31 46 46
0787_0033_0025_0087_0087.jpg 1 33 25 87 87
0788_0080_0086_0031_0031.jpg 1 80 86 31 31
0789_0030_0007_0082_0082.jpg 1 30 7 82 82
0790_0009_0063_0065_0065.jpg 1 9 63 65 65
0791_0060_0014_0051_0051.jpg 1 60 14 51 51
0792_0041_0028_0096_0096.jpg 1 41 28 96 96
0793_0016_0013_0065_0065.jpg 1 16 13 65 65
0794_0061_0021_0040_0040.jpg 1 61 21 40 40
0795_0055_0030_0035_0035.jpg 1 55 30 35 35
0796_0032_0058_0049_0049.jpg 1 32 58 49 49
0797_0056_0049_0038_0038.jpg 1 56 49 38 38
0798_0037_0011_0097_0097.jpg 1 37 11 97 97
0799_0055_0012_0087_0087.jpg 1 55 12 87 87
0800_0037_0027_0097_0097.jpg 1 37 27 97 97
0801_0029_0075_0050_0050.jpg 1 29 75 50 50
0802_0053_0085_0032_0032.jpg 1 53 85 32 32
0803_0091_0060_0042_0042.jpg 1 91 60 42 42
0804_0070_0022_0048_0048.jpg 1 70 22 48 48
0805_0079_0091_0042_0042.jpg 1 79 91 42 42
0806_0060_0065_0038_0038.jpg 1 60 65 38 38
0807_0031_0021_0103_0103.jpg 1 31 21 103 103
0808_0062_0022_0039_0039.jpg 1 62 22 39 39
0809_0095_0068_0026_0026.jpg 1 95 68 26 26
0810_0037_0024_0103_0103.jpg 1 37 24 103 103
0811_0008_0044_0073_0073.jpg 1 8 44 73 73
0812_0029_0048_0077_0077.jpg 1 29 48 77 77
0813_0035_0103_0030_0030.jpg 1 35 103 30 30
0814_0047_0055_0082_0082.jpg 1 47 55 82 82
0815_0032_0068_0055_0055.jpg 1 32 68 55 55
0816_0023_0046_0086_0086.jpg 1 23 46 86 86
0817_0017_0063_0054_0054.jpg 1 17 63 54 54
0818_0046_0063_0073_0073.jpg 1 46 63 73 73
0819_0051_0027_0074_0074.jpg 1 51 27 74 74
0820_0023_0035_0044_0044.jpg 1 23 35 44 44
0821_0040_0056_0086_0086.jpg 1 40 56 86 86
0822_0049_0051_0075_0075.jpg 1 49 51 75 75
0823_0048_0041_0063_0063.jpg 1 48 41 63 63
0824_0056_0049_0076_0076.jpg 1 56 49 76 76
0825_0026_0025_0104_0104.jpg 1 26 25 104 104
0826_0046_0030_0045_0045.jpg 1 46 30 45 45
0827_0032_0037_0073_0073.jpg 1 32 37 73 73
0828_0038_0044_0082_0082.jpg 1 38 44 82 82
0829_0074_0059_0062_0062.jpg 1 74 59 62 62
0830_0025_0013_0074_0074.jpg 1 25 13 74 74
0831_0080_0072_0043_0043.jpg 1 80 72 43 43
0832_0067_0035_0067_0067.jpg 1 67 35 67 67
0833_0058_0037_0033_0033.jpg 1 58 37 33 33
0834_0071_0040_0035_0035.jpg 1 71 40 35 35
0835_0014_0032_0054_0054.jpg 1 14 32 54 54
0836_0029_0007_0103_0103.jpg 1 29 7 103 103
0837_0010_0041_0087_0087.jpg 1 10 41 87 87
0838_0067_0051_0068_0068.jpg 1 67 51 68 68
0839_0084_0061_0027_0027.jpg 1 84 61 27 27
0840_0056_0020_0045_0045.jpg 1 56 20 45 45
0841_0108_0081_0025_0025.jpg 1 108 81 25 25
0842_0063_0013_0076_0076.jpg 1 63 13 76 76
0843_0057_0014_0036_0036.jpg 1 57 14 36 36
0844_0044_0021_0093_0093.jpg 1 44 21 93 93
0845_0032_0088_0048_0048.jpg 1 32 88 48 48
0846_0028_0008_0086_0086.jpg 1 28 8 86 86
0847_0042_0036_0096_0096.jpg 1 42 36 96 96
0848_0028_0048_0066_0066.jpg 1 28 48 66 66
0849_0013_0045_0044_0044.jpg 1 13 45 44 44
0850_0032_0030_0083_0083.jpg 1 32 30 83 83
0851_0061_0059_0030_0030.jpg 1 61 59 30 30
0852_0028_0034_0097_0097.jpg 1 28 34 97 97
0853_0034_0084_0039_0039.jpg 1 34 84 39 39
0854_0036_0028_0041_0041.jpg 1 36 28 41 41
0855_0077_0012_0049_0049.jpg 1 77 12 49 49
0856_0035_0051_0059_0059.jpg 1 35 51 59 59
0857_0034_0079_0048_0048.jpg 1 34 79 48 48
0858_0046_0016_0095_0095.jpg 1 46 16 95 95
0859_0038_0038_0081_0081.jpg 1 38 38 81 81
0860_0038_0033_0100_0100.jpg 1 38 33 100 100
0861_0030_0062_0066_0066.jpg 1 30 62 66 66
0862_0010_0030_0093_0093.jpg 1 10 30 93 93
0863_0020_0072_0028_0028.jpg 1 20 72 28 28
0864_0076_0049_0037_0037.jpg 1 76 49 37 37
0865_0059_0090_0036_0036.jpg 1 59 90 36 36
0866_0032_0041_0074_0074.jpg 1 32 41 74 74
0867_0058_0023_0028_0028.jpg 1 58 23 28 28
0868_0043_0054_0057_0057.jpg 1 43 54 57 57
0869_0015_0051_0077_0077.jpg 1 15 51 77 77
0870_0044_0101_0030_0030.jpg 1 44 101 30 30
0871_0020_0026_0068_0068.jpg 1 20 26 68 68
0872_0013_0018_0087_0087.jpg 1 13 18 87 87
0873_0033_0036_0093_0093.jpg 1 33 36 93 93
0874_0052_0080_0035_0035.jpg 1 52 80 35 35
0875_0050_0082_0046_0046.jpg 1 50 82 46 46
0876_0038_0060_0063_0063.jpg 1 38 60 63 63
0877_0041_0062_0045_0045.jpg 1 41 62 45 45
0878_0004_0023_0101_0101.jpg 1 4 23 101 101
0879_0036_0052_0082_0082.jpg 1 36 52 82 82
0880_0041_0023_0097_0097.jpg 1 41 23 97 97
0881_0054_0045_0085_0085.jpg 1 54 45 85 85
0882_0042_0028_0099_0099.jpg 1 42 28 99 99
0883_0027_0057_0084_0084.jpg 1 27 57 84 84
0884_0050_0055_0025_0025.jpg 1 50 55 25 25
0885_0053_0039_0083_0083.jpg 1 53 39 83 83
0886_0050_0016_0093_0093.jpg 1 50 16 93 93
0887_0033_0031_0098_0098.jpg 1 33 31 98 98
0888_0020_0008_0096_0096.jpg 1 20 8 96 96
0889_0020_0021_0098_0098.jpg 1 20 21 98 98
0890_0041_0014_0078_0078.jpg 1 41 14 78 78
0891_0061_0055_0081_0081.jpg 1 61 55 81 81
0892_0013_0081_0025_0025.jpg 1 13 81 25 25
0893_0025_0047_0080_0080.jpg 1 25 47 80 80
0894_0013_0031_0072_0072.jpg 1 13 31 72 72
0895_0044_0021_0068_0068.jpg 1 44 21 68 68
0896_0107_0088_0026_0026.jpg 1 107 88 26 26
0897_0032_0060_0042_0042.jpg 1 32 60 42 42
0898_0050_0052_0029_0029.jpg 1 50 52 29 29
0899_0053_0042_0079_0079.jpg 1 53 42 79 79
0900_0030_0061_0055_0055.jpg 1 30 61 55 55
0901_0043_0054_0066_0066.jpg 1 43 54 66 66
0902_0014_0027_0057_0057.jpg 1 14 27 57 57
0903_0051_0054_0050_0050.jpg 1 51 54 50 50
0904_0017_0056_0051_0051.jpg 1 17 56 51 51
0905_0009_0047_0088_0088.jpg 1 9 47 88 88
0906_0041_0042_0101_0101.jpg 1 41 42 101 101
0907_0043_0010_0070_0070.jpg 1 43 10 70 70
0908_0019_0032_0084_0084.jpg 1 19 32 84 84
0909_0027_0031_0076_0076.jpg 1 27 31 76 76
0910_0045_0069_0045_0045.jpg 1 45 69 45 45
0911_0077_0074_0051_0051.jpg 1 77 74 51 51
0912_0032_0040_0082_0082.jpg 1 32 40 82 82
0913_0029_0088_0051_0051.jpg 1 29 88 51 51
0914_0027_0042_0083_0083.jpg 1 27 42 83 83
0915_0079_0048_0048_0048.jpg 1 79 48 48 48
0916_0055_0065_0050_0050.jpg 1 55 65 50 50
0917_0015_0100_0030_0030.jpg 1 15 100 30 30
0918_0048_0064_0060_0060.jpg 1 48 64 60 60
0919_0020_0051_0087_0087.jpg 1 20 51 87 87
0920_0024_0056_0044_0044.jpg 1 24 56 44 44
0921_0044_0015_0098_0098.jpg 1 44 15 98 98
0922_0072_0051_0067_0067.jpg 1 72 51 67 67
0923_0055_0058_0078_0078.jpg 1 55 58 78 78
0924_0084_0013_0041_0041.jpg 1 84 13 41 41
0925_0076_0037_0037_0037.jpg 1 76 37 37 37
0926_0070_0048_0034_0034.jpg 1 70 48 34 34
0927_0025_0039_0094_0094.jpg 1 25 39 94 94
0928_0053_0049_0067_0067.jpg 1 53 49 67 67
0929_0013_0015_0088_0088.jpg 1 13 15 88 88
0930_0024_0040_0030_0030.jpg 1 24 40 30 30
0931_0050_0063_0030_0030.jpg 1 50 63 30 30
0932_0065_0026_0051_0051.jpg 1 65 26 51 51
0933_0026_0028_0054_0054.jpg 1 26 28 54 54
0934_0030_0020_0087_0087.jpg 1 30 20 87 87
0935_0044_0053_0075_0075.jpg 1 44 53 75 75
0936_0016_0034_0078_0078.jpg 1 16 34 78 78
0937_0009_0022_0104_0104.jpg 1 9 22 104 104
0938_0088_0077_0024_0024.jpg 1 88 77 24 24
0939_0058_0052_0081_0081.jpg 1 58 52 81 81
0940_0028_0054_0084_0084.jpg 1 28 54 84 84
0941_0041_0072_0038_0038.jpg 1 41 72 38 38
0942_0069_0066_0054_0054.jpg 1 69 66 54 54
0943_0014_0067_0057_0057.jpg 1 14 67 57 57
0944_0082_0053_0041_0041.jpg 1 82 53 41 41
0945_0028_0013_0094_0094.jpg 1 28 13 94 94
0946_0018_0026_0077_0077.jpg 1 18 26 77 77
0947_0037_0049_0076_0076.jpg 1 37 49 76 76
0948_0098_0046_0039_0039.jpg 1 98 46 39 39
0949_0009_0037_0064_0064.jpg 1 9 37 64 64
0950_0073_0047_0064_0064.jpg 1 73 47 64 64
0951_0065_0023_0044_0044.jpg 1 65 23 44 44
0952_0068_0042_0071_0071.jpg 1 68 42 71 71
0953_0060_0010_0075_0075.jpg 1 60 10 75 75
0954_0058_0061_0073_0073.jpg 1 58 61 73 73
0955_0010_0047_0070_0070.jpg 1 10 47 70 70
0956_0105_0027_0026_0026.jpg 1 105 27 26 26
0957_0054_0082_0049_0049.jpg 1 54 82 49 49
0958_0036_0049_0082_0082.jpg 1 36 49 82 82
0959_0103_0059_0024_0024.jpg 1 103 59 24 24
0960_0025_0009_0084_0084.jpg 1 25 9 84 84
0961_0019_0041_0092_0092.jpg 1 19 41 92 92
0962_0005_0006_0100_0100.jpg 1 5 6 100 100
0963_0043_0058_0082_0082.jpg 1 43 58 82 82
0964_0044_0037_0033_0033.jpg 1 44 37 33 33
0965_0021_0066_0048_0048.jpg 1 21 66 48 48
0966_0021_0016_0067_0067.jpg 1 21 16 67 67
0967_0047_0034_0090_0090.jpg 1 47 34 90 90
0968_0046_0051_0028_0028.jpg 1 46 51 28 28
0969_0035_0017_0068_0068.jpg 1 35 17 68 68
0970_0020_0027_0081_0081.jpg 1 20 27 81 81
0971_0015_0023_0099_0099.jpg 1 15 23 99 99
0972_0005_0031_0096_0096.jpg 1 5 31 96 96
0973_0024_0019_0102_0102.jpg 1 24 19 102 102
0974_0060_0039_0052_0052.jpg 1 60 39 52 52
0975_0028_0015_0063_0063.jpg 1 28 15 63 63
0976_0082_0027_0028_0028.jpg 1 82 27 28 28
0977_0074_0015_0028_0028.jpg 1 74 15 28 28
0978_0058_0097_0038_0038.jpg 1 58 97 38 38
0979_0005_0017_0099_0099.jpg 1 5 17 99 99
0980_0058_0060_0080_0080.jpg 1 58 60 80 80
0981_0009_0009_0095_0095.jpg 1 9 9 95 95
0982_0076_0009_0064_0064.jpg 1 76 9 64 64
0983_0050_0048_0080_0080.jpg 1 50 48 80 80
0984_0059_0036_0072_0072.jpg 1 59 36 72 72
0985_0042_0058_0054_0054.jpg 1 42 58 54 54
0986_0030_0053_0088_0088.jpg 1 30 53 88 88
0987_0050_0017_0039_0039.jpg 1 50 17 39 39
0988_0078_0082_0045_0045.jpg 1 78 82 45 45
0989_0015_0021_0024_0024.jpg 1 15 21 24 24
0990_0018_0027_0087_0087.jpg 1 18 27 87 87
0991_0070_0032_0052_0052.jpg 1 70 32 52 52
0992_0024_0022_0077_0077.jpg 1 24 22 77 77
0993_0068_0042_0041_0041.jpg 1 68 42 41 41
0994_0039_0035_0054_0054.jpg 1 39 35 54 54
0995_0035_0010_0097_0097.jpg 1 35 10 97 97
0996_0076_0047_0034_0034.jpg 1 76 47 34 34
0997_0080_0111_0024_0024.jpg 1 80 111 24 24
0998_0015_0039_0097_0097.jpg 1 15 39 97 97
0999_0013_0012_0079_0079.jpg 1 13 12 79 79
1000_0014_0012_0029_0029.jpg 1 14 12 29 29
1001_0009_0021_0099_0099.jpg 1 9 21 99 99
1002_0040_0014_0097_0097.jpg 1 40 14 97 97
1003_0064_0011_0070_0070.jpg 1 64 11 70 70
1004_0019_0042_0082_0082.jpg 1 19 42 82 82
1005_0041_0028_0070_0070.jpg 1 41 28 70 70
1006_0011_0059_0040_0040.jpg 1 11 59 40 40
1007_0082_0039_0054_0054.jpg 1 82 39 54 54
1008_0020_0044_0100_0100.jpg 1 20 44 100 100
1009_0067_0014_0039_0039.jpg 1 67 14 39 39
1010_0026_0063_0029_0029.jpg 1 26 63 29 29
1011_0065_0022_0027_0027.jpg 1 65 22 27 27
1012_0011_0084_0044_0044.jpg 1 11 84 44 44
1013_0034_0056_0052_0052.jpg 1 34 56 52 52
1014_0047_0086_0027_0027.jpg 1 47 86 27 27
1015_0031_0017_0099_0099.jpg 1 31 17 99 99
1016_0080_0024_0044_0044.jpg 1 80 24 44 44
1017_0013_0043_0093_0093.jpg 1 13 43 93 93
1018_0030_0036_0062_0062.jpg 1 30 36 62 62
1019_0035_0035_0094_0094.jpg 1 35 35 94 94
1020_0025_0037_0086_0086.jpg 1 25 37 86 86
1021_0025_0047_0059_0059.jpg 1 25 47 59 59
1022_0023_0043_0073_0073.jpg 1 23 43 73 73
1023_0070_0032_0056_0056.jpg 1 70 32 56 56
1024_0062_0054_0044_0044.jpg 1 62 54 44 44
1025_0042_0010_0087_0087.jpg 1 42 10 87 87
1026_0046_0011_0088_0088.jpg 1 46 11 88 88
1027_0032_0012_0094_0094.jpg 1 32 12 94 94
1028_0037_0063_0055_0055.jpg 1 37 63 55 55
1029_0050_0064_0068_0068.jpg 1 50 64 68 68
1030_0032_0035_0083_0083.jpg 1 32 35 83 83
1031_0051_0032_0085_0085.jpg 1 51 32 85 85
1032_0095_0068_0037_0037.jpg 1 95 68 37 37
1033_0073_0016_0064_0064.jpg 1 73 16 64 64
1034_0021_0048_0082_0082.jpg 1 21 48 82 82
1035_0035_0029_0073_0073.jpg 1 35 29 73 73
1036_0014_0049_0032_0032.jpg 1 14 49 32 32
1037_0076_0068_0027_0027.jpg 1 76 68 27 27
1038_0046_0014_0038_0038.jpg 1 46 14 38 38
1039_0105_0070_0026_0026.jpg 1 105 70 26 26
1040_0060_0082_0049_0049.jpg 1 60 82 49 49
1041_0025_0023_0069_0069.jpg 1 25 23 69 69
1042_0037_0067_0070_0070.jpg 1 37 67 70 70
1043_0008_0069_0070_0070.jpg 1 8 69 70 70
1044_0039_0017_0030_0030.jpg 1 39 17 30 30
1045_0040_0017_0065_0065.jpg 1 40 17 65 65
1046_0061_0094_0044_0044.jpg 1 61 94 44 44
1047_0037_0040_0064_0064.jpg 1 37 40 64 64
1048_0050_0032_0085_0085.jpg 1 50 32 85 85
1049_0043_0035_0076_0076.jpg 1 43 35 76 76
1050_0017_0018_0079_0079.jpg 1 17 18 79 79
1051_0033_0008_0073_0073.jpg 1 33 8 73 73
1052_0057_0060_0068_0068.jpg 1 57 60 68 68
1053_0017_0013_0098_0098.jpg 1 17 13 98 98
1054_0059_0050_0038_0038.jpg 1 59 50 38 38
1055_0036_0016_0080_0080.jpg 1 36 16 80 80
1056_0035_0009_0068_0068.jpg 1 35 9 68 68
1057_0017_0039_0070_0070.jpg 1 17 39 70 70
1058_0020_0080_0043_0043.jpg 1 20 80 43 43
1059_0025_0088_0050_0050.jpg 1 25 88 50 50
1060_0033_0042_0048_0048.jpg 1 33 42 48 48
1061_0040_0024_0099_0099.jpg 1 40 24 99 99
1062_0008_0037_0097_0097.jpg 1 8 37 97 97
1063_0029_0008_0104_0104.jpg 1 29 8 104 104
1064_0015_0022_0102_0102.jpg 1 15 22 102 102
1065_0071_0060_0066_0066.jpg 1 71 60 66 66
1066_0066_0021_0068_0068.jpg 1 66 21 68 68
1067_0022_0031_0090_0090.jpg 1 22 31 90 90
1068_0014_0037_0103_0103.jpg 1 14 37 103 103
1069_0019_0016_0092_0092.jpg 1 19 16 92 92
1070_0064_0079_0059_0059.jpg 1 64 79 59 59
1071_0063_0059_0073_0073.jpg 1 63 59 73 73
1072_0043_0016_0099_0099.jpg 1 43 16 99 99
1073_0008_0052_0077_0077.jpg 1 8 52 77 77
1074_0025_0022_0058_0058.jpg 1 25 22 58 58
1075_0041_0034_0099_0099.jpg 1 41 34 99 99
1076_0021_0108_0029_0029.jpg 1 21 108 29 29
1077_0013_0038_0095_0095.jpg 1 13 38 95 95
1078_0038_0020_0103_0103.jpg 1 38 20 103 103
1079_0071_0076_0054_0054.jpg 1 71 76 54 54
1080_0077_0073_0033_0033.jpg 1 77 73 33 33
1081_0028_0013_0064_0064.jpg 1 28 13 64 64
1082_0095_0041_0031_0031.jpg 1 95 41 31 31
1083_0049_0063_0071_0071.jpg 1 49 63 71 71
1084_0094_0014_0041_0041.jpg 1 94 14 41 41
1085_0055_0029_0085_0085.jpg 1 55 29 85 85
1086_0042_0054_0086_0086.jpg 1 42 54 86 86
1087_0099_0040_0032_0032.jpg 1 99 40 32 32
1088_0034_0061_0032_0032.jpg 1 34 61 32 32
1089_0028_0077_0046_0046.jpg 1 28 77 46 46
1090_0057_0070_0034_0034.jpg 1 57 70 34 34
1091_0058_0045_0050_0050.jpg 1 58 45 50 50
1092_0032_0053_0084_0084.jpg 1 32 53 84 84
1093_0032_0055_0083_0083.jpg 1 32 55 83 83
1094_0017_0054_0062_0062.jpg 1 17 54 62 62
1095_0077_0047_0048_0048.jpg 1 77 47 48 48
1096_0099_0046_0037_0037.jpg 1 99 46 37 37
1097_0057_0020_0066_0066.jpg 1 57 20 66 66
1098_0013_0010_0043_0043.jpg 1 13 10 43 43
1099_0083_0011_0055_0055.jpg 1 83 11 55 55
1100_0057_0026_0044_0044.jpg 1 57 26 44 44
1101_0031_0032_0026_0026.jpg 1 31 32 26 26
1102_0018_0070_0049_0049.jpg 1 18 70 49 49
1103_0046_0056_0051_0051.jpg 1 46 56 51 51
1104_0022_0076_0061_0061.jpg 1 22 76 61 61
1105_0075_0066_0032_0032.jpg 1 75 66 32 32
1106_0067_0034_0041_0041.jpg 1 67 34 41 41
1107_0040_0009_0079_0079.jpg 1 40 9 79 79
1108_0060_0028_0061_0061.jpg 1 60 28 61 61
1109_0083_0065_0046_0046.jpg 1 83 65 46 46
1110_0072_0025_0032_0032.jpg 1 72 25 32 32
1111_0072_0072_0039_0039.jpg 1 72 72 39 39
1112_0063_0014_0072_0072.jpg 1 63 14 72 72
1113_0049_0056_0083_0083.jpg 1 49 56 83 83
1114_0018_0038_0094_0094.jpg 1 18 38 94 94
1115_0056_0052_0065_0065.jpg 1 56 52 65 65
1116_0058_0050_0043_0043.jpg 1 58 50 43 43
1117_0021_0040_0093_0093.jpg 1 21 40 93 93
1118_0025_0035_0089_0089.jpg 1 25 35 89 89
1119_0050_0010_0051_0051.jpg 1 50 10 51 51
1120_0062_0043_0044_0044.jpg 1 62 43 44 44
1121_0029_0092_0044_0044.jpg 1 29 92 44 44
1122_0066_0106_0031_0031.jpg 1 66 106 31 31
1123_0021_0012_0100_0100.jpg 1 21 12 100 100
1124_0057_0059_0067_0067.jpg 1 57 59 67 67
1125_0014_0098_0028_0028.jpg 1 14 98 28 28
1126_0010_0041_0049_0049.jpg 1 10 41 49 49
1127_0014_0024_0100_0100.jpg 1 14 24 100 100
1128_0010_0049_0093_0093.jpg 1 10 49 93 93
1129_0022_0028_0053_0053.jpg 1 22 28 53 53
1130_0067_0037_0041_0041.jpg 1 67 37 41 41
1131_0054_0059_0041_0041.jpg 1 54 59 41 41
1132_0011_0025_0104_0104.jpg 1 11 25 104 104
1133_0094_0088_0037_0037.jpg 1 94 88 37 37
1134_0052_0049_0089_0089.jpg 1 52 49 89 89
1135_0064_0065_0052_0052.jpg 1 64 65 52 52
1136_0039_0032_0093_0093.jpg 1 39 32 93 93
1137_0059_0019_0081_0081.jpg 1 59 19 81 81
1138_0024_0036_0054_0054.jpg 1 24 36 54 54
1139_0096_0076_0027_0027.jpg 1 96 76 27 27
1140_0028_0051_0061_0061.jpg 1 28 51 61 61
1141_0065_0052_0038_0038.jpg 1 65 52 38 38
1142_0053_0083_0050_0050.jpg 1 53 83 50 50
1143_0078_0089_0042_0042.jpg 1 78 89 42 42
1144_0038_0043_0094_0094.jpg 1 38 43 94 94
1145_0015_0070_0053_0053.jpg 1 15 70 53 53
1146_0061_0085_0050_0050.jpg 1 61 85 50 50
1147_0026_0014_0095_0095.jpg 1 26 14 95 95
1148_0051_0020_0092_0092.jpg 1 51 20 92 92
1149_0014_0035_0058_0058.jpg 1 14 35 58 58
1150_0102_0089_0027_0027.jpg 1 102 89 27 27
1151_0052_0013_0075_0075.jpg 1 52 13 75 75
1152_0081_0052_0032_0032.jpg 1 81 52 32 32
1153_0103_0030_0032_0032.jpg 1 103 30 32 32
1154_0084_0014_0035_0035.jpg 1 84 14 35 35
1155_0037_0045_0034_0034.jpg 1 37 45 34 34
1156_0084_0055_0052_0052.jpg 1 84 55 52 52
1157_0028_0046_0089_0089.jpg 1 28 46 89 89
1158_0042_0030_0062_0062.jpg 1 42 30 62 62
1159_0037_0090_0029_0029.jpg 1 37 90 29 29
1160_0023_0055_0064_0064.jpg 1 23 55 64 64
1161_0055_0009_0087_0087.jpg 1 55 9 87 87
1162_0015_0043_0099_0099.jpg 1 15 43 99 99
1163_0056_0067_0058_0058.jpg 1 56 67 58 58
1164_0088_0039_0033_0033.jpg 1 88 39 33 33
1165_0020_0036_0098_0098.jpg 1 20 36 98 98
1166_0058_0028_0072_0072.jpg 1 58 28 72 72
1167_0007_0008_0090_0090.jpg 1 7 8 90 90
1168_0027_0035_0087_0087.jpg 1 27 35 87 87
1169_0028_0042_0090_0090.jpg 1 28 42 90 90
1170_0030_0020_0082_0082.jpg 1 30 20 82 82
1171_0060_0053_0050_0050.jpg 1 60 53 50 50
1172_0027_0010_0092_0092.jpg 1 27 10 92 92
1173_0013_0039_0047_0047.jpg 1 13 39 47 47
1174_0056_0044_0070_0070.jpg 1 56 44 70 70
1175_0015_0065_0061_0061.jpg 1 15 65 61 61
1176_0056_0041_0062_0062.jpg 1 56 41 62 62
1177_0069_0062_0066_0066.jpg 1 69 62 66 66
1178_0017_0086_0032_0032.jpg 1 17 86 32 32
1179_0062_0049_0038_0038.jpg 1 62 49 38 38
1180_0014_0053_0078_0078.jpg 1 14 53 78 78
1181_0085_0057_0043_0043.jpg 1 85 57 43 43
1182_0094_0096_0040_0040.jpg 1 94 96 40 40
1183_0016_0029_0104_0104.jpg 1 16 29 104 104
1184_0028_0077_0031_0031.jpg 1 28 77 31 31
1185_0027_0036_0081_0081.jpg 1 27 36 81 81
1186_0033_0075_0054_0054.jpg 1 33 75 54 54
1187_0025_0012_0080_0080.jpg 1 25 12 80 80
1188_0029_0100_0025_0025.jpg 1 29 100 25 25
1189_0027_0020_0074_0074.jpg 1 27 20 74 74
1190_0037_0048_0025_0025.jpg 1 37 48 25 25
1191_0073_0035_0055_0055.jpg 1 73 35 55 55
1192_0005_0038_0102_0102.jpg 1 5 38 102 102
1193_0071_0086_0038_0038.jpg 1 71 86 38 38
1194_0034_0048_0083_0083.jpg 1 34 48 83 83
1195_0039_0017_0082_0082.jpg 1 39 17 82 82
1196_0017_0019_0079_0079.jpg 1 17 19 79 79
1197_0027_0008_0077_0077.jpg 1 27 8 77 77
1198_0024_0030_0032_0032.jpg 1 24 30 32 32
1199_0037_0034_0031_0031.jpg 1 37 34 31 31
1200_0035_0041_0084_0084.jpg 1 35 41 84 84
1201_0016_0105_0026_0026.jpg 1 16 105 26 26
1202_0089_0059_0028_0028.jpg 1 89 59 28 28
1203_0067_0034_0071_0071.jpg 1 67 34 71 71
1204_0007_0028_0102_0102.jpg 1 7 28 102 102
1205_0022_0064_0025_0025.jpg 1 22 64 25 25
1206_0018_0014_0026_0026.jpg 1 18 14 26 26
1207_0007_0039_0091_0091.jpg 1 7 39 91 91
1208_0022_0035_0083_0083.jpg 1 22 35 83 83
1209_0017_0049_0076_0076.jpg 1 17 49 76 76
1210_0045_0050_0061_0061.jpg 1 45 50 61 61
1211_0010_0023_0074_0074.jpg 1 10 23 74 74
1212_0038_0055_0073_0073.jpg 1 38 55 73 73
1213_0034_0043_0082_0082.jpg 1 34 43 82 82
1214_0051_0102_0027_0027.jpg 1 51 102 27 27
1215_0023_0029_0047_0047.jpg 1 23 29 47 47
1216_0035_0028_0097_0097.jpg 1 35 28 97 97
1217_0044_0020_0024_0024.jpg 1 44 20 24 24
1218_0069_0065_0024_0024.jpg 1 69 65 24 24
1219_0035_0012_0073_0073.jpg 1 35 12 73 73
1220_0029_0025_0095_0095.jpg 1 29 25 95 95
1221_0022_0088_0039_0039.jpg 1 22 88 39 39
1222_0085_0071_0035_0035.jpg 1 85 71 35 35
1223_0010_0037_0102_0102.jpg 1 10 37 102 102
1224_0033_0014_0073_0073.jpg 1 33 14 73 73
1225_0037_0055_0079_0079.jpg 1 37 55 79 79
1226_0061_0036_0035_0035.jpg 1 61 36 35 35
1227_0023_0023_0069_0069.jpg 1 23 23 69 69
1228_0016_0037_0086_0086.jpg 1 16 37 86 86
1229_0070_0065_0046_0046.jpg 1 70 65 46 46
1230_0042_0008_0082_0082.jpg 1 42 8 82 82
1231_0049_0015_0036_0036.jpg 1 49 15 36 36
1232_0055_0055_0068_0068.jpg 1 55 55 68 68
1233_0043_0037_0039_0039.jpg 1 43 37 39 39
1234_0056_0012_0072_0072.jpg 1 56 12 72 72
1235_0103_0033_0031_0031.jpg 1 103 33 31 31
1236_0024_0041_0103_0103.jpg 1 24 41 103 103
1237_0043_0033_0064_0064.jpg 1 43 33 64 64
1238_0065_0073_0048_0048.jpg 1 65 73 48 48
1239_0056_0029_0068_0068.jpg 1 56 29 68 68
1240_0050_0044_0028_0028.jpg 1 50 44 28 28
1241_0060_0057_0076_0076.jpg 1 60 57 76 76
1242_0055_0011_0087_0087.jpg 1 55 11 87 87
1243_0048_0081_0049_0049.jpg 1 48 81 49 49
1244_0013_0028_0035_0035.jpg 1 13 28 35 35
1245_0019_0065_0028_0028.jpg 1 19 65 28 28
1246_0016_0077_0061_0061.jpg 1 16 77 61 61
1247_0026_0061_0036_0036.jpg 1 26 61 36 36
1248_0067_0012_0052_0052.jpg 1 67 12 52 52
1249_0059_0080_0031_0031.jpg 1 59 80 31 31
1250_0016_0052_0050_0050.jpg 1 16 52 50 50
1251_0052_0047_0080_0080.jpg 1 52 47 80 80
1252_0042_0058_0062_0062.jpg 1 42 58 62 62
1253_0030_0037_0084_0084.jpg 1 30 37 84 84
1254_0024_0010_0089_0089.jpg 1 24 10 89 89
1255_0051_0044_0090_0090.jpg 1 51 44 90 90
1256_0020_0019_0088_0088.jpg 1 20 19 88 88
1257_0076_0059_0031_0031.jpg 1 76 59 31 31
1258_0038_0022_0025_0025.jpg 1 38 22 25 25
1259_0033_0087_0036_0036.jpg 1 33 87 36 36
1260_0063_0023_0071_0071.jpg 1 63 23 71 71
1261_0045_0042_0028_0028.jpg 1 45 42 28 28
1262_0036_0018_0100_0100.jpg 1 36 18 100 100
1263_0052_0047_0024_0024.jpg 1 52 47 24 24
1264_0073_0037_0060_0060.jpg 1 73 37 60 60
1265_0068_0066_0047_0047.jpg 1 68 66 47 47
1266_0038_0046_0051_0051.jpg 1 38 46 51 51
1267_0069_0085_0026_0026.jpg 1 69 85 26 26
1268_0052_0034_0060_0060.jpg 1 52 34 60 60
1269_0008_0019_0086_0086.jpg 1 8 19 86 86
1270_0028_0012_0095_0095.jpg 1 28 12 95 95
1271_0026_0066_0069_0069.jpg 1 26 66 69 69
1272_0042_0073_0066_0066.jpg 1 42 73 66 66
1273_0071_0053_0047_0047.jpg 1 71 53 47 47
1274_0067_0035_0062_0062.jpg 1 67 35 62 62
1275_0042_0050_0080_0080.jpg 1 42 50 80 80
1276_0053_0055_0080_0080.jpg 1 53 55 80 80
1277_0011_0017_0097_0097.jpg 1 11 17 97 97
1278_0019_0016_0054_0054.jpg 1 19 16 54 54
1279_0016_0030_0074_0074.jpg 1 16 30 74 74
1280_0039_0045_0045_0045.jpg 1 39 45 45 45
1281_0022_0008_0089_0089.jpg 1 22 8 89 89
1282_0068_0080_0055_0055.jpg 1 68 80 55 55
1283_0054_0019_0071_0071.jpg 1 54 19 71 71
