0001_0072_0027_0066_0066.jpg 1 72 27 66 66
0002_0084_0062_0033_0033.jpg 1 84 62 33 33
0003_0065_0044_0040_0040.jpg 1 65 44 40 40
0004_0039_0024_0093_0093.jpg 1 39 24 93 93
0005_0063_0068_0065_0065.jpg 1 63 68 65 65
0006_0047_0037_0068_0068.jpg 1 47 37 68 68
0007_0030_0044_0099_0099.jpg 1 30 44 99 99
0008_0013_0082_0044_0044.jpg 1 13 82 44 44
0009_0028_0029_0091_0091.jpg 1 28 29 91 91
0010_0023_0012_0073_0073.jpg 1 23 12 73 73
0011_0039_0016_0079_0079.jpg 1 39 16 79 79
0012_0023_0035_0096_0096.jpg 1 23 35 96 96
0013_0026_0070_0068_0068.jpg 1 26 70 68 68
0014_0053_0065_0071_0071.jpg 1 53 65 71 71
0015_0011_0059_0057_0057.jpg 1 11 59 57 57
0016_0032_0041_0053_0053.jpg 1 32 41 53 53
0017_0048_0088_0049_0049.jpg 1 48 88 49 49
0018_0034_0035_0102_0102.jpg 1 34 35 102 102
0019_0019_0060_0031_0031.jpg 1 19 60 31 31
0020_0098_0024_0039_0039.jpg 1 98 24 39 39
0021_0036_0024_0078_0078.jpg 1 36 24 78 78
0022_0035_0022_0099_0099.jpg 1 35 22 99 99
0023_0062_0030_0052_0052.jpg 1 62 30 52 52
0024_0027_0038_0078_0078.jpg 1 27 38 78 78
0025_0071_0083_0042_0042.jpg 1 71 83 42 42
0026_0015_0015_0090_0090.jpg 1 15 15 90 90
0027_0025_0068_0067_0067.jpg 1 25 68 67 67
0028_0021_0056_0030_0030.jpg 1 21 56 30 30
0029_0004_0011_0103_0103.jpg 1 4 11 103 103
0030_0029_0023_0078_0078.jpg 1 29 23 78 78
0031_0069_0018_0065_0065.jpg 1 69 18 65 65
0032_0031_0044_0083_0083.jpg 1 31 44 83 83
0033_0026_0016_0057_0057.jpg 1 26 16 57 57
0034_0007_0033_0098_0098.jpg 1 7 33 98 98
0035_0035_0025_0070_0070.jpg 1 35 25 70 70
0036_0039_0072_0040_0040.jpg 1 39 72 40 40
0037_0102_0018_0027_0027.jpg 1 102 18 27 27
0038_0084_0070_0032_0032.jpg 1 84 70 32 32
0039_0053_0047_0076_0076.jpg 1 53 47 76 76
0040_0082_0027_0027_0027.jpg 1 82 27 27 27
0041_0038_0028_0077_0077.jpg 1 38 28 77 77
0042_0070_0032_0066_0066.jpg 1 70 32 66 66
0043_0015_0021_0079_0079.jpg 1 15 21 79 79
0044_0057_0075_0041_0041.jpg 1 57 75 41 41
0045_0047_0103_0033_0033.jpg 1 47 103 33 33
0046_0048_0022_0035_0035.jpg 1 48 22 35 35
0047_0049_0018_0088_0088.jpg 1 49 18 88 88
0048_0016_0008_0103_0103.jpg 1 16 8 103 103
0049_0016_0080_0048_0048.jpg 1 16 80 48 48
0050_0082_0030_0053_0053.jpg 1 82 30 53 53
0051_0027_0022_0104_0104.jpg 1 27 22 104 104
0052_0039_0036_0103_0103.jpg 1 39 36 103 103
0053_0044_0008_0099_0099.jpg 1 44 8 99 99
0054_0080_0076_0037_0037.jpg 1 80 76 37 37
0055_0009_0012_0067_0067.jpg 1 9 12 67 67
0056_0009_0053_0066_0066.jpg 1 9 53 66 66
0057_0006_0045_0091_0091.jpg 1 6 45 91 91
0058_0054_0048_0085_0085.jpg 1 54 48 85 85
0059_0025_0046_0095_0095.jpg 1 25 46 95 95
0060_0012_0045_0082_0082.jpg 1 12 45 82 82
0061_0062_0056_0028_0028.jpg 1 62 56 28 28
0062_0026_0049_0086_0086.jpg 1 26 49 86 86
0063_0094_0045_0034_0034.jpg 1 94 45 34 34
0064_0021_0037_0100_0100.jpg 1 21 37 100 100
0065_0103_0040_0025_0025.jpg 1 103 40 25 25
0066_0022_0095_0028_0028.jpg 1 22 95 28 28
0067_0077_0047_0054_0054.jpg 1 77 47 54 54
0068_0012_0063_0066_0066.jpg 1 12 63 66 66
0069_0030_0006_0093_0093.jpg 1 30 6 93 93
0070_0020_0032_0104_0104.jpg 1 20 32 104 104
0071_0040_0033_0103_0103.jpg 1 40 33 103 103
0072_0025_0078_0035_0035.jpg 1 25 78 35 35
0073_0019_0075_0061_0061.jpg 1 19 75 61 61
0074_0049_0025_0091_0091.jpg 1 49 25 91 91
0075_0018_0023_0068_0068.jpg 1 18 23 68 68
0076_0015_0032_0093_0093.jpg 1 15 32 93 93
0077_0038_0032_0029_0029.jpg 1 38 32 29 29
0078_0042_0062_0058_0058.jpg 1 42 62 58 58
0079_0023_0036_0083_0083.jpg 1 23 36 83 83
0080_0048_0055_0064_0064.jpg 1 48 55 64 64
0081_0031_0026_0074_0074.jpg 1 31 26 74 74
0082_0026_0049_0082_0082.jpg 1 26 49 82 82
0083_0042_0062_0076_0076.jpg 1 42 62 76 76
0084_0006_0047_0083_0083.jpg 1 6 47 83 83
0085_0040_0092_0046_0046.jpg 1 40 92 46 46
0086_0038_0042_0101_0101.jpg 1 38 42 101 101
0087_0052_0025_0028_0028.jpg 1 52 25 28 28
0088_0052_0033_0085_0085.jpg 1 52 33 85 85
0089_0021_0038_0056_0056.jpg 1 21 38 56 56
0090_0048_0089_0042_0042.jpg 1 48 89 42 42
0091_0012_0021_0091_0091.jpg 1 12 21 91 91
0092_0069_0047_0063_0063.jpg 1 69 47 63 63
0093_0060_0051_0079_0079.jpg 1 60 51 79 79
0094_0045_0036_0074_0074.jpg 1 45 36 74 74
0095_0038_0063_0078_0078.jpg 1 38 63 78 78
0096_0037_0072_0029_0029.jpg 1 37 72 29 29
0097_0014_0044_0085_0085.jpg 1 14 44 85 85
0098_0062_0039_0063_0063.jpg 1 62 39 63 63
0099_0066_0063_0032_0032.jpg 1 66 63 32 32
0100_0035_0066_0059_0059.jpg 1 35 66 59 59
0101_0023_0039_0089_0089.jpg 1 23 39 89 89
0102_0038_0012_0098_0098.jpg 1 38 12 98 98
0103_0015_0050_0072_0072.jpg 1 15 50 72 72
0104_0043_0013_0033_0033.jpg 1 43 13 33 33
0105_0056_0053_0062_0062.jpg 1 56 53 62 62
0106_0095_0039_0030_0030.jpg 1 95 39 30 30
0107_0021_0021_0070_0070.jpg 1 21 21 70 70
0108_0051_0032_0089_0089.jpg 1 51 32 89 89
0109_0083_0024_0032_0032.jpg 1 83 24 32 32
0110_0025_0033_0027_0027.jpg 1 25 33 27 27
0111_0035_0031_0066_0066.jpg 1 35 31 66 66
0112_0053_0035_0032_0032.jpg 1 53 35 32 32
0113_0033_0051_0073_0073.jpg 1 33 51 73 73
0114_0057_0047_0079_0079.jpg 1 57 47 79 79
0115_0037_0022_0085_0085.jpg 1 37 22 85 85
0116_0046_0043_0089_0089.jpg 1 46 43 89 89
0117_0062_0070_0047_0047.jpg 1 62 70 47 47
0118_0056_0030_0070_0070.jpg 1 56 30 70 70
0119_0052_0064_0028_0028.jpg 1 52 64 28 28
0120_0058_0044_0025_0025.jpg 1 58 44 25 25
0121_0024_0024_0070_0070.jpg 1 24 24 70 70
0122_0054_0056_0030_0030.jpg 1 54 56 30 30
0123_0059_0030_0045_0045.jpg 1 59 30 45 45
0124_0032_0031_0087_0087.jpg 1 32 31 87 87
0125_0044_0042_0099_0099.jpg 1 44 42 99 99
0126_0013_0007_0092_0092.jpg 1 13 7 92 92
0127_0034_0072_0025_0025.jpg 1 34 72 25 25
0128_0019_0056_0084_0084.jpg 1 19 56 84 84
0129_0053_0045_0073_0073.jpg 1 53 45 73 73
0130_0020_0076_0026_0026.jpg 1 20 76 26 26
0131_0038_0070_0038_0038.jpg 1 38 70 38 38
0132_0012_0027_0082_0082.jpg 1 12 27 82 82
0133_0103_0021_0028_0028.jpg 1 103 21 28 28
0134_0023_0038_0054_0054.jpg 1 23 38 54 54
0135_0086_0052_0039_0039.jpg 1 86 52 39 39
0136_0026_0011_0067_0067.jpg 1 26 11 67 67
0137_0036_0031_0048_0048.jpg 1 36 31 48 48
0138_0024_0018_0091_0091.jpg 1 24 18 91 91
0139_0027_0017_0053_0053.jpg 1 27 17 53 53
0140_0074_0045_0066_0066.jpg 1 74 45 66 66
0141_0010_0033_0058_0058.jpg 1 10 33 58 58
0142_0067_0026_0049_0049.jpg 1 67 26 49 49
0143_0064_0058_0058_0058.jpg 1 64 58 58 58
0144_0034_0085_0039_0039.jpg 1 34 85 39 39
0145_0093_0023_0034_0034.jpg 1 93 23 34 34
0146_0034_0034_0101_0101.jpg 1 34 34 101 101
0147_0007_0019_0088_0088.jpg 1 7 19 88 88
0148_0065_0068_0038_0038.jpg 1 65 68 38 38
0149_0028_0050_0073_0073.jpg 1 28 50 73 73
0150_0023_0056_0073_0073.jpg 1 23 56 73 73
0151_0032_0053_0069_0069.jpg 1 32 53 69 69
0152_0009_0030_0078_0078.jpg 1 9 30 78 78
0153_0025_0033_0096_0096.jpg 1 25 33 96 96
0154_0033_0010_0093_0093.jpg 1 33 10 93 93
0155_0061_0091_0040_0040.jpg 1 61 91 40 40
0156_0072_0037_0054_0054.jpg 1 72 37 54 54
0157_0077_0065_0036_0036.jpg 1 77 65 36 36
0158_0013_0020_0088_0088.jpg 1 13 20 88 88
0159_0018_0063_0063_0063.jpg 1 18 63 63 63
0160_0092_0076_0031_0031.jpg 1 92 76 31 31
0161_0049_0043_0061_0061.jpg 1 49 43 61 61
0162_0090_0086_0039_0039.jpg 1 90 86 39 39
0163_0044_0011_0086_0086.jpg 1 44 11 86 86
0164_0057_0037_0073_0073.jpg 1 57 37 73 73
0165_0092_0061_0042_0042.jpg 1 92 61 42 42
0166_0027_0040_0084_0084.jpg 1 27 40 84 84
0167_0016_0027_0099_0099.jpg 1 16 27 99 99
0168_0046_0023_0075_0075.jpg 1 46 23 75 75
0169_0089_0050_0028_0028.jpg 1 89 50 28 28
0170_0024_0029_0066_0066.jpg 1 24 29 66 66
0171_0077_0076_0035_0035.jpg 1 77 76 35 35
0172_0011_0019_0048_0048.jpg 1 11 19 48 48
0173_0041_0034_0089_0089.jpg 1 41 34 89 89
0174_0039_0037_0088_0088.jpg 1 39 37 88 88
0175_0034_0072_0031_0031.jpg 1 34 72 31 31
0176_0025_0038_0056_0056.jpg 1 25 38 56 56
0177_0034_0018_0101_0101.jpg 1 34 18 101 101
0178_0058_0018_0053_0053.jpg 1 58 18 53 53
0179_0040_0013_0077_0077.jpg 1 40 13 77 77
0180_0068_0058_0074_0074.jpg 1 68 58 74 74
0181_0011_0017_0099_0099.jpg 1 11 17 99 99
0182_0061_0053_0076_0076.jpg 1 61 53 76 76
0183_0040_0079_0056_0056.jpg 1 40 79 56 56
0184_0035_0027_0076_0076.jpg 1 35 27 76 76
0185_0040_0026_0083_0083.jpg 1 40 26 83 83
0186_0104_0069_0027_0027.jpg 1 104 69 27 27
0187_0027_0045_0039_0039.jpg 1 27 45 39 39
0188_0065_0039_0057_0057.jpg 1 65 39 57 57
0189_0058_0066_0066_0066.jpg 1 58 66 66 66
0190_0100_0072_0030_0030.jpg 1 100 72 30 30
0191_0036_0061_0077_0077.jpg 1 36 61 77 77
0192_0071_0056_0037_0037.jpg 1 71 56 37 37
0193_0070_0074_0067_0067.jpg 1 70 74 67 67
0194_0093_0076_0025_0025.jpg 1 93 76 25 25
0195_0035_0027_0061_0061.jpg 1 35 27 61 61
0196_0080_0078_0050_0050.jpg 1 80 78 50 50
0197_0081_0086_0051_0051.jpg 1 81 86 51 51
0198_0090_0024_0046_0046.jpg 1 90 24 46 46
0199_0110_0082_0027_0027.jpg 1 110 82 27 27
0200_0091_0100_0036_0036.jpg 1 91 100 36 36
0201_0011_0050_0089_0089.jpg 1 11 50 89 89
0202_0065_0010_0061_0061.jpg 1 65 10 61 61
0203_0022_0032_0091_0091.jpg 1 22 32 91 91
0204_0013_0034_0037_0037.jpg 1 13 34 37 37
0205_0053_0019_0089_0089.jpg 1 53 19 89 89
0206_0038_0064_0031_0031.jpg 1 38 64 31 31
0207_0050_0053_0084_0084.jpg 1 50 53 84 84
0208_0036_0020_0077_0077.jpg 1 36 20 77 77
0209_0016_0028_0040_0040.jpg 1 16 28 40 40
0210_0031_0027_0094_0094.jpg 1 31 27 94 94
0211_0026_0009_0080_0080.jpg 1 26 9 80 80
0212_0047_0044_0084_0084.jpg 1 47 44 84 84
0213_0023_0065_0055_0055.jpg 1 23 65 55 55
0214_0026_0100_0028_0028.jpg 1 26 100 28 28
0215_0057_0053_0032_0032.jpg 1 57 53 32 32
0216_0021_0016_0076_0076.jpg 1 21 16 76 76
0217_0006_0029_0090_0090.jpg 1 6 29 90 90
0218_0012_0008_0095_0095.jpg 1 12 8 95 95
0219_0022_0012_0103_0103.jpg 1 22 12 103 103
0220_0020_0023_0093_0093.jpg 1 20 23 93 93
0221_0019_0027_0087_0087.jpg 1 19 27 87 87
0222_0045_0042_0099_0099.jpg 1 45 42 99 99
0223_0052_0062_0048_0048.jpg 1 52 62 48 48
0224_0017_0013_0078_0078.jpg 1 17 13 78 78
0225_0061_0055_0046_0046.jpg 1 61 55 46 46
0226_0017_0016_0026_0026.jpg 1 17 16 26 26
0227_0030_0023_0046_0046.jpg 1 30 23 46 46
0228_0083_0030_0056_0056.jpg 1 83 30 56 56
0229_0008_0022_0094_0094.jpg 1 8 22 94 94
0230_0024_0025_0049_0049.jpg 1 24 25 49 49
0231_0038_0009_0081_0081.jpg 1 38 9 81 81
0232_0022_0030_0091_0091.jpg 1 22 30 91 91
0233_0024_0006_0086_0086.jpg 1 24 6 86 86
0234_0014_0065_0072_0072.jpg 1 14 65 72 72
0235_0076_0085_0051_0051.jpg 1 76 85 51 51
0236_0030_0019_0058_0058.jpg 1 30 19 58 58
0237_0030_0036_0094_0094.jpg 1 30 36 94 94
0238_0028_0021_0059_0059.jpg 1 28 21 59 59
0239_0047_0014_0085_0085.jpg 1 47 14 85 85
0240_0036_0017_0068_0068.jpg 1 36 17 68 68
0241_0010_0013_0086_0086.jpg 1 10 13 86 86
0242_0039_0035_0096_0096.jpg 1 39 35 96 96
0243_0064_0050_0029_0029.jpg 1 64 50 29 29
0244_0048_0053_0067_0067.jpg 1 48 53 67 67
0245_0088_0018_0041_0041.jpg 1 88 18 41 41
0246_0024_0031_0101_0101.jpg 1 24 31 101 101
0247_0103_0086_0030_0030.jpg 1 103 86 30 30
0248_0017_0077_0037_0037.jpg 1 17 77 37 37
0249_0028_0060_0061_0061.jpg 1 28 60 61 61
0250_0006_0011_0101_0101.jpg 1 6 11 101 101
0251_0006_0016_0095_0095.jpg 1 6 16 95 95
0252_0061_0016_0044_0044.jpg 1 61 16 44 44
0253_0037_0027_0062_0062.jpg 1 37 27 62 62
0254_0058_0027_0026_0026.jpg 1 58 27 26 26
0255_0020_0039_0086_0086.jpg 1 20 39 86 86
0256_0041_0079_0026_0026.jpg 1 41 79 26 26
0257_0006_0013_0084_0084.jpg 1 6 13 84 84
0258_0037_0013_0097_0097.jpg 1 37 13 97 97
0259_0019_0026_0092_0092.jpg 1 19 26 92 92
0260_0025_0039_0090_0090.jpg 1 25 39 90 90
0261_0033_0047_0081_0081.jpg 1 33 47 81 81
0262_0044_0021_0093_0093.jpg 1 44 21 93 93
0263_0024_0051_0042_0042.jpg 1 24 51 42 42
0264_0060_0035_0076_0076.jpg 1 60 35 76 76
0265_0101_0040_0036_0036.jpg 1 101 40 36 36
0266_0043_0035_0087_0087.jpg 1 43 35 87 87
0267_0033_0025_0046_0046.jpg 1 33 25 46 46
0268_0039_0026_0060_0060.jpg 1 39 26 60 60
0269_0019_0063_0042_0042.jpg 1 19 63 42 42
0270_0006_0047_0090_0090.jpg 1 6 47 90 90
0271_0093_0061_0043_0043.jpg 1 93 61 43 43
0272_0061_0019_0028_0028.jpg 1 61 19 28 28
0273_0025_0035_0068_0068.jpg 1 25 35 68 68
0274_0072_0026_0027_0027.jpg 1 72 26 27 27
0275_0071_0040_0046_0046.jpg 1 71 40 46 46
0276_0024_0026_0094_0094.jpg 1 24 26 94 94
0277_0077_0013_0062_0062.jpg 1 77 13 62 62
0278_0042_0095_0039_0039.jpg 1 42 95 39 39
0279_0033_0027_0092_0092.jpg 1 33 27 92 92
0280_0008_0014_0084_0084.jpg 1 8 14 84 84
0281_0013_0066_0060_0060.jpg 1 13 66 60 60
0282_0033_0027_0104_0104.jpg 1 33 27 104 104
0283_0038_0016_0075_0075.jpg 1 38 16 75 75
0284_0082_0045_0032_0032.jpg 1 82 45 32 32
0285_0015_0044_0100_0100.jpg 1 15 44 100 100
0286_0018_0022_0052_0052.jpg 1 18 22 52 52
0287_0032_0057_0037_0037.jpg 1 32 57 37 37
0288_0034_0018_0034_0034.jpg 1 34 18 34 34
0289_0047_0059_0069_0069.jpg 1 47 59 69 69
0290_0029_0016_0053_0053.jpg 1 29 16 53 53
0291_0021_0104_0026_0026.jpg 1 21 104 26 26
0292_0017_0035_0071_0071.jpg 1 17 35 71 71
0293_0097_0106_0025_0025.jpg 1 97 106 25 25
0294_0008_0013_0077_0077.jpg 1 8 13 77 77
0295_0066_0062_0057_0057.jpg 1 66 62 57 57
0296_0053_0062_0045_0045.jpg 1 53 62 45 45
0297_0053_0062_0069_0069.jpg 1 53 62 69 69
0298_0044_0078_0052_0052.jpg 1 44 78 52 52
0299_0024_0096_0029_0029.jpg 1 24 96 29 29
0300_0019_0029_0101_0101.jpg 1 19 29 101 101
0301_0010_0050_0077_0077.jpg 1 10 50 77 77
0302_0055_0082_0046_0046.jpg 1 55 82 46 46
0303_0006_0031_0088_0088.jpg 1 6 31 88 88
0304_0058_0049_0083_0083.jpg 1 58 49 83 83
0305_0044_0044_0093_0093.jpg 1 44 44 93 93
0306_0026_0009_0104_0104.jpg 1 26 9 104 104
0307_0023_0061_0025_0025.jpg 1 23 61 25 25
0308_0042_0017_0089_0089.jpg 1 42 17 89 89
0309_0075_0070_0055_0055.jpg 1 75 70 55 55
0310_0037_0009_0057_0057.jpg 1 37 9 57 57
0311_0051_0078_0025_0025.jpg 1 51 78 25 25
0312_0026_0046_0092_0092.jpg 1 26 46 92 92
0313_0026_0048_0085_0085.jpg 1 26 48 85 85
0314_0037_0059_0052_0052.jpg 1 37 59 52 52
0315_0034_0034_0099_0099.jpg 1 34 34 99 99
0316_0046_0032_0098_0098.jpg 1 46 32 98 98
0317_0037_0044_0089_0089.jpg 1 37 44 89 89
0318_0021_0011_0087_0087.jpg 1 21 11 87 87
0319_0027_0007_0093_0093.jpg 1 27 7 93 93
0320_0010_0004_0102_0102.jpg 1 10 4 102 102
0321_0042_0027_0050_0050.jpg 1 42 27 50 50
0322_0035_0013_0097_0097.jpg 1 35 13 97 97
0323_0077_0090_0035_0035.jpg 1 77 90 35 35
0324_0035_0012_0090_0090.jpg 1 35 12 90 90
0325_0017_0042_0098_0098.jpg 1 17 42 98 98
0326_0071_0054_0068_0068.jpg 1 71 54 68 68
0327_0008_0007_0103_0103.jpg 1 8 7 103 103
0328_0090_0074_0047_0047.jpg 1 90 74 47 47
0329_0038_0065_0064_0064.jpg 1 38 65 64 64
0330_0033_0077_0043_0043.jpg 1 33 77 43 43
0331_0033_0092_0036_0036.jpg 1 33 92 36 36
0332_0047_0030_0051_0051.jpg 1 47 30 51 51
0333_0021_0066_0030_0030.jpg 1 21 66 30 30
0334_0038_0081_0040_0040.jpg 1 38 81 40 40
0335_0076_0025_0061_0061.jpg 1 76 25 61 61
0336_0025_0038_0104_0104.jpg 1 25 38 104 104
0337_0035_0065_0072_0072.jpg 1 35 65 72 72
0338_0014_0066_0068_0068.jpg 1 14 66 68 68
0339_0107_0062_0026_0026.jpg 1 107 62 26 26
0340_0049_0014_0083_0083.jpg 1 49 14 83 83
0341_0022_0052_0068_0068.jpg 1 22 52 68 68
0342_0014_0041_0044_0044.jpg 1 14 41 44 44
0343_0075_0019_0048_0048.jpg 1 75 19 48 48
0344_0064_0052_0049_0049.jpg 1 64 52 49 49
0345_0058_0055_0070_0070.jpg 1 58 55 70 70
0346_0031_0056_0081_0081.jpg 1 31 56 81 81
0347_0045_0026_0098_0098.jpg 1 45 26 98 98
0348_0043_0024_0056_0056.jpg 1 43 24 56 56
0349_0006_0016_0104_0104.jpg 1 6 16 104 104
0350_0030_0009_0098_0098.jpg 1 30 9 98 98
0351_0071_0076_0050_0050.jpg 1 71 76 50 50
0352_0021_0016_0103_0103.jpg 1 21 16 103 103
0353_0011_0017_0097_0097.jpg 1 11 17 97 97
0354_0071_0043_0026_0026.jpg 1 71 43 26 26
0355_0042_0009_0086_0086.jpg 1 42 9 86 86
0356_0036_0037_0072_0072.jpg 1 36 37 72 72
0357_0051_0028_0087_0087.jpg 1 51 28 87 87
0358_0030_0060_0043_0043.jpg 1 30 60 43 43
0359_0039_0048_0074_0074.jpg 1 39 48 74 74
0360_0049_0094_0042_0042.jpg 1 49 94 42 42
0361_0034_0040_0071_0071.jpg 1 34 40 71 71
0362_0070_0071_0046_0046.jpg 1 70 71 46 46
0363_0030_0043_0101_0101.jpg 1 30 43 101 101
0364_0015_0023_0088_0088.jpg 1 15 23 88 88
0365_0012_0016_0086_0086.jpg 1 12 16 86 86
0366_0018_0011_0079_0079.jpg 1 18 11 79 79
0367_0010_0047_0083_0083.jpg 1 10 47 83 83
0368_0029_0037_0039_0039.jpg 1 29 37 39 39
0369_0041_0046_0094_0094.jpg 1 41 46 94 94
0370_0027_0028_0087_0087.jpg 1 27 28 87 87
0371_0042_0030_0062_0062.jpg 1 42 30 62 62
0372_0047_0017_0065_0065.jpg 1 47 17 65 65
0373_0075_0019_0035_0035.jpg 1 75 19 35 35
0374_0044_0038_0099_0099.jpg 1 44 38 99 99
0375_0006_0043_0089_0089.jpg 1 6 43 89 89
0376_0029_0029_0063_0063.jpg 1 29 29 63 63
0377_0078_0015_0036_0036.jpg 1 78 15 36 36
0378_0023_0039_0079_0079.jpg 1 23 39 79 79
0379_0050_0093_0045_0045.jpg 1 50 93 45 45
0380_0047_0057_0072_0072.jpg 1 47 57 72 72
0381_0053_0027_0069_0069.jpg 1 53 27 69 69
0382_0026_0019_0086_0086.jpg 1 26 19 86 86
0383_0047_0010_0095_0095.jpg 1 47 10 95 95
0384_0092_0023_0031_0031.jpg 1 92 23 31 31
0385_0041_0027_0078_0078.jpg 1 41 27 78 78
0386_0060_0050_0069_0069.jpg 1 60 50 69 69
0387_0014_0030_0102_0102.jpg 1 14 30 102 102
0388_0084_0032_0042_0042.jpg 1 84 32 42 42
0389_0030_0026_0089_0089.jpg 1 30 26 89 89
0390_0015_0020_0077_0077.jpg 1 15 20 77 77
0391_0042_0047_0035_0035.jpg 1 42 47 35 35
0392_0015_0094_0031_0031.jpg 1 15 94 31 31
0393_0083_0081_0029_0029.jpg 1 83 81 29 29
0394_0029_0034_0100_0100.jpg 1 29 34 100 100
0395_0059_0025_0076_0076.jpg 1 59 25 76 76
0396_0074_0085_0054_0054.jpg 1 74 85 54 54
0397_0022_0010_0080_0080.jpg 1 22 10 80 80
0398_0030_0046_0089_0089.jpg 1 30 46 89 89
0399_0066_0091_0036_0036.jpg 1 66 91 36 36
0400_0037_0053_0042_0042.jpg 1 37 53 42 42
0401_0040_0028_0089_0089.jpg 1 40 28 89 89
0402_0079_0076_0033_0033.jpg 1 79 76 33 33
0403_0048_0075_0059_0059.jpg 1 48 75 59 59
0404_0082_0016_0058_0058.jpg 1 82 16 58 58
0405_0053_0027_0072_0072.jpg 1 53 27 72 72
0406_0012_0018_0069_0069.jpg 1 12 18 69 69
0407_0032_0019_0075_0075.jpg 1 32 19 75 75
0408_0064_0050_0063_0063.jpg 1 64 50 63 63
0409_0064_0056_0067_0067.jpg 1 64 56 67 67
0410_0012_0061_0073_0073.jpg 1 12 61 73 73
0411_0029_0042_0088_0088.jpg 1 29 42 88 88
0412_0047_0046_0074_0074.jpg 1 47 46 74 74
0413_0024_0044_0076_0076.jpg 1 24 44 76 76
0414_0063_0051_0079_0079.jpg 1 63 51 79 79
0415_0048_0007_0073_0073.jpg 1 48 7 73 73
0416_0047_0030_0049_0049.jpg 1 47 30 49 49
0417_0024_0051_0052_0052.jpg 1 24 51 52 52
0418_0017_0103_0030_0030.jpg 1 17 103 30 30
0419_0021_0086_0053_0053.jpg 1 21 86 53 53
0420_0048_0032_0078_0078.jpg 1 48 32 78 78
0421_0022_0014_0094_0094.jpg 1 22 14 94 94
0422_0084_0051_0033_0033.jpg 1 84 51 33 33
0423_0006_0019_0086_0086.jpg 1 6 19 86 86
0424_0071_0062_0058_0058.jpg 1 71 62 58 58
0425_0023_0076_0057_0057.jpg 1 23 76 57 57
0426_0012_0016_0091_0091.jpg 1 12 16 91 91
0427_0031_0049_0045_0045.jpg 1 31 49 45 45
0428_0036_0079_0030_0030.jpg 1 36 79 30 30
0429_0029_0038_0090_0090.jpg 1 29 38 90 90
0430_0101_0074_0024_0024.jpg 1 101 74 24 24
0431_0037_0010_0063_0063.jpg 1 37 10 63 63
0432_0051_0018_0036_0036.jpg 1 51 18 36 36
0433_0012_0017_0099_0099.jpg 1 12 17 99 99
0434_0006_0031_0091_0091.jpg 1 6 31 91 91
0435_0013_0044_0100_0100.jpg 1 13 44 100 100
0436_0084_0016_0048_0048.jpg 1 84 16 48 48
0437_0040_0053_0082_0082.jpg 1 40 53 82 82
0438_0077_0037_0057_0057.jpg 1 77 37 57 57
0439_0020_0055_0052_0052.jpg 1 20 55 52 52
0440_0050_0074_0057_0057.jpg 1 50 74 57 57
0441_0040_0013_0054_0054.jpg 1 40 13 54 54
0442_0052_0040_0037_0037.jpg 1 52 40 37 37
0443_0016_0036_0094_0094.jpg 1 16 36 94 94
0444_0041_0030_0047_0047.jpg 1 41 30 47 47
0445_0037_0025_0034_0034.jpg 1 37 25 34 34
0446_0084_0072_0030_0030.jpg 1 84 72 30 30
0447_0058_0068_0029_0029.jpg 1 58 68 29 29
0448_0010_0011_0096_0096.jpg 1 10 11 96 96
0449_0101_0062_0025_0025.jpg 1 101 62 25 25
0450_0028_0082_0051_0051.jpg 1 28 82 51 51
0451_0071_0069_0032_0032.jpg 1 71 69 32 32
0452_0086_0094_0026_0026.jpg 1 86 94 26 26
0453_0015_0063_0046_0046.jpg 1 15 63 46 46
0454_0028_0058_0081_0081.jpg 1 28 58 81 81
0455_0062_0013_0080_0080.jpg 1 62 13 80 80
0456_0060_0062_0058_0058.jpg 1 60 62 58 58
0457_0012_0028_0102_0102.jpg 1 12 28 102 102
0458_0032_0043_0087_0087.jpg 1 32 43 87 87
0459_0021_0010_0104_0104.jpg 1 21 10 104 104
0460_0036_0043_0090_0090.jpg 1 36 43 90 90
0461_0045_0058_0048_0048.jpg 1 45 58 48 48
0462_0051_0036_0037_0037.jpg 1 51 36 37 37
0463_0037_0018_0098_0098.jpg 1 37 18 98 98
0464_0047_0079_0055_0055.jpg 1 47 79 55 55
0465_0009_0037_0059_0059.jpg 1 9 37 59 59
0466_0014_0022_0055_0055.jpg 1 14 22 55 55
0467_0051_0082_0034_0034.jpg 1 51 82 34 34
0468_0011_0011_0091_0091.jpg 1 11 11 91 91
0469_0029_0078_0032_0032.jpg 1 29 78 32 32
0470_0017_0016_0081_0081.jpg 1 17 16 81 81
0471_0049_0025_0086_0086.jpg 1 49 25 86 86
0472_0065_0060_0043_0043.jpg 1 65 60 43 43
0473_0012_0026_0028_0028.jpg 1 12 26 28 28
0474_0026_0018_0101_0101.jpg 1 26 18 101 101
0475_0013_0023_0045_0045.jpg 1 13 23 45 45
0476_0069_0039_0059_0059.jpg 1 69 39 59 59
0477_0102_0053_0032_0032.jpg 1 102 53 32 32
0478_0034_0019_0093_0093.jpg 1 34 19 93 93
0479_0054_0081_0048_0048.jpg 1 54 81 48 48
0480_0037_0033_0026_0026.jpg 1 37 33 26 26
0481_0047_0010_0092_0092.jpg 1 47 10 92 92
0482_0085_0088_0031_0031.jpg 1 85 88 31 31
0483_0061_0055_0069_0069.jpg 1 61 55 69 69
0484_0048_0040_0070_0070.jpg 1 48 40 70 70
0485_0015_0101_0033_0033.jpg 1 15 101 33 33
0486_0063_0043_0076_0076.jpg 1 63 43 76 76
0487_0029_0046_0048_0048.jpg 1 29 46 48 48
0488_0032_0090_0024_0024.jpg 1 32 90 24 24
0489_0054_0052_0088_0088.jpg 1 54 52 88 88
0490_0073_0058_0055_0055.jpg 1 73 58 55 55
0491_0013_0074_0060_0060.jpg 1 13 74 60 60
0492_0067_0014_0049_0049.jpg 1 67 14 49 49
0493_0051_0055_0044_0044.jpg 1 51 55 44 44
0494_0007_0016_0084_0084.jpg 1 7 16 84 84
0495_0023_0056_0085_0085.jpg 1 23 56 85 85
0496_0021_0037_0068_0068.jpg 1 21 37 68 68
0497_0034_0064_0073_0073.jpg 1 34 64 73 73
0498_0042_0090_0043_0043.jpg 1 42 90 43 43
0499_0024_0021_0061_0061.jpg 1 24 21 61 61
0500_0026_0082_0036_0036.jpg 1 26 82 36 36
0501_0022_0067_0050_0050.jpg 1 22 67 50 50
0502_0030_0032_0102_0102.jpg 1 30 32 102 102
0503_0045_0064_0074_0074.jpg 1 45 64 74 74
0504_0091_0067_0046_0046.jpg 1 91 67 46 46
0505_0091_0055_0032_0032.jpg 1 91 55 32 32
0506_0088_0036_0037_0037.jpg 1 88 36 37 37
0507_0074_0064_0051_0051.jpg 1 74 64 51 51
0508_0032_0076_0041_0041.jpg 1 32 76 41 41
0509_0033_0059_0053_0053.jpg 1 33 59 53 53
0510_0066_0031_0063_0063.jpg 1 66 31 63 63
0511_0010_0016_0098_0098.jpg 1 10 16 98 98
0512_0048_0033_0094_0094.jpg 1 48 33 94 94
0513_0069_0107_0024_0024.jpg 1 69 107 24 24
0514_0081_0040_0046_0046.jpg 1 81 40 46 46
0515_0022_0046_0089_0089.jpg 1 22 46 89 89
0516_0027_0045_0092_0092.jpg 1 27 45 92 92
0517_0021_0014_0063_0063.jpg 1 21 14 63 63
0518_0021_0013_0087_0087.jpg 1 21 13 87 87
0519_0042_0051_0073_0073.jpg 1 42 51 73 73
0520_0099_0019_0025_0025.jpg 1 99 19 25 25
0521_0064_0100_0024_0024.jpg 1 64 100 24 24
0522_0085_0102_0029_0029.jpg 1 85 102 29 29
0523_0038_0087_0027_0027.jpg 1 38 87 27 27
0524_0064_0064_0065_0065.jpg 1 64 64 65 65
0525_0043_0041_0079_0079.jpg 1 43 41 79 79
0526_0090_0020_0039_0039.jpg 1 90 20 39 39
0527_0080_0090_0045_0045.jpg 1 80 90 45 45
0528_0048_0017_0071_0071.jpg 1 48 17 71 71
0529_0026_0085_0034_0034.jpg 1 26 85 34 34
0530_0087_0053_0045_0045.jpg 1 87 53 45 45
0531_0015_0061_0058_0058.jpg 1 15 61 58 58
0532_0026_0037_0093_0093.jpg 1 26 37 93 93
0533_0071_0034_0066_0066.jpg 1 71 34 66 66
0534_0022_0016_0093_0093.jpg 1 22 16 93 93
0535_0039_0031_0070_0070.jpg 1 39 31 70 70
0536_0031_0059_0077_0077.jpg 1 31 59 77 77
0537_0046_0012_0073_0073.jpg 1 46 12 73 73
0538_0018_0020_0089_0089.jpg 1 18 20 89 89
0539_0023_0089_0044_0044.jpg 1 23 89 44 44
0540_0058_0083_0051_0051.jpg 1 58 83 51 51
0541_0040_0044_0026_0026.jpg 1 40 44 26 26
0542_0051_0051_0083_0083.jpg 1 51 51 83 83
0543_0013_0103_0034_0034.jpg 1 13 103 34 34
0544_0024_0037_0076_0076.jpg 1 24 37 76 76
0545_0012_0053_0072_0072.jpg 1 12 53 72 72
0546_0036_0020_0060_0060.jpg 1 36 20 60 60
0547_0051_0036_0090_0090.jpg 1 51 36 90 90
0548_0074_0079_0056_0056.jpg 1 74 79 56 56
0549_0073_0039_0060_0060.jpg 1 73 39 60 60
0550_0046_0055_0088_0088.jpg 1 46 55 88 88
0551_0074_0052_0025_0025.jpg 1 74 52 25 25
0552_0039_0019_0087_0087.jpg 1 39 19 87 87
0553_0065_0102_0034_0034.jpg 1 65 102 34 34
0554_0052_0082_0040_0040.jpg 1 52 82 40 40
0555_0055_0082_0049_0049.jpg 1 55 82 49 49
0556_0031_0024_0103_0103.jpg 1 31 24 103 103
0557_0066_0041_0066_0066.jpg 1 66 41 66 66
0558_0046_0049_0069_0069.jpg 1 46 49 69 69
0559_0046_0029_0088_0088.jpg 1 46 29 88 88
0560_0030_0018_0102_0102.jpg 1 30 18 102 102
0561_0076_0076_0028_0028.jpg 1 76 76 28 28
0562_0049_0048_0074_0074.jpg 1 49 48 74 74
0563_0010_0022_0096_0096.jpg 1 10 22 96 96
0564_0053_0068_0029_0029.jpg 1 53 68 29 29
0565_0034_0025_0100_0100.jpg 1 34 25 100 100
0566_0041_0023_0075_0075.jpg 1 41 23 75 75
0567_0025_0098_0039_0039.jpg 1 25 98 39 39
0568_0057_0017_0049_0049.jpg 1 57 17 49 49
0569_0076_0043_0033_0033.jpg 1 76 43 33 33
0570_0025_0101_0024_0024.jpg 1 25 101 24 24
0571_0054_0042_0075_0075.jpg 1 54 42 75 75
0572_0054_0036_0025_0025.jpg 1 54 36 25 25
0573_0072_0036_0028_0028.jpg 1 72 36 28 28
0574_0063_0049_0070_0070.jpg 1 63 49 70 70
0575_0045_0015_0082_0082.jpg 1 45 15 82 82
0576_0035_0044_0097_0097.jpg 1 35 44 97 97
0577_0021_0043_0096_0096.jpg 1 21 43 96 96
0578_0039_0011_0100_0100.jpg 1 39 11 100 100
0579_0020_0004_0102_0102.jpg 1 20 4 102 102
0580_0069_0065_0073_0073.jpg 1 69 65 73 73
0581_0059_0015_0024_0024.jpg 1 59 15 24 24
0582_0009_0079_0052_0052.jpg 1 9 79 52 52
0583_0048_0039_0083_0083.jpg 1 48 39 83 83
0584_0064_0033_0057_0057.jpg 1 64 33 57 57
0585_0035_0041_0061_0061.jpg 1 35 41 61 61
0586_0032_0014_0074_0074.jpg 1 32 14 74 74
0587_0032_0079_0024_0024.jpg 1 32 79 24 24
0588_0054_0092_0044_0044.jpg 1 54 92 44 44
0589_0056_0007_0085_0085.jpg 1 56 7 85 85
0590_0033_0012_0102_0102.jpg 1 33 12 102 102
0591_0033_0014_0047_0047.jpg 1 33 14 47 47
0592_0066_0060_0055_0055.jpg 1 66 60 55 55
0593_0098_0069_0036_0036.jpg 1 98 69 36 36
0594_0031_0045_0087_0087.jpg 1 31 45 87 87
0595_0012_0056_0044_0044.jpg 1 12 56 44 44
0596_0057_0037_0074_0074.jpg 1 57 37 74 74
0597_0013_0029_0046_0046.jpg 1 13 29 46 46
0598_0030_0006_0097_0097.jpg 1 30 6 97 97
0599_0031_0110_0026_0026.jpg 1 31 110 26 26
0600_0043_0046_0072_0072.jpg 1 43 46 72 72
0601_0014_0093_0043_0043.jpg 1 14 93 43 43
0602_0059_0007_0078_0078.jpg 1 59 7 78 78
0603_0081_0014_0050_0050.jpg 1 81 14 50 50
0604_0006_0010_0088_0088.jpg 1 6 10 88 88
0605_0033_0006_0091_0091.jpg 1 33 6 91 91
0606_0020_0009_0089_0089.jpg 1 20 9 89 89
0607_0062_0026_0075_0075.jpg 1 62 26 75 75
0608_0022_0035_0103_0103.jpg 1 22 35 103 103
0609_0039_0042_0097_0097.jpg 1 39 42 97 97
0610_0087_0052_0036_0036.jpg 1 87 52 36 36
0611_0009_0050_0074_0074.jpg 1 9 50 74 74
0612_0030_0053_0046_0046.jpg 1 30 53 46 46
0613_0015_0017_0067_0067.jpg 1 15 17 67 67
0614_0058_0043_0080_0080.jpg 1 58 43 80 80
0615_0017_0041_0098_0098.jpg 1 17 41 98 98
0616_0037_0021_0095_0095.jpg 1 37 21 95 95
0617_0100_0075_0030_0030.jpg 1 100 75 30 30
0618_0042_0079_0058_0058.jpg 1 42 79 58 58
0619_0015_0024_0079_0079.jpg 1 15 24 79 79
0620_0015_0031_0042_0042.jpg 1 15 31 42 42
0621_0022_0019_0036_0036.jpg 1 22 19 36 36
0622_0038_0021_0044_0044.jpg 1 38 21 44 44
0623_0018_0059_0078_0078.jpg 1 18 59 78 78
0624_0024_0026_0096_0096.jpg 1 24 26 96 96
0625_0073_0057_0052_0052.jpg 1 73 57 52 52
0626_0060_0029_0073_0073.jpg 1 60 29 73 73
0627_0013_0009_0086_0086.jpg 1 13 9 86 86
0628_0055_0017_0053_0053.jpg 1 55 17 53 53
0629_0018_0015_0087_0087.jpg 1 18 15 87 87
0630_0069_0077_0048_0048.jpg 1 69 77 48 48
0631_0054_0073_0065_0065.jpg 1 54 73 65 65
0632_0038_0030_0069_0069.jpg 1 38 30 69 69
0633_0031_0067_0042_0042.jpg 1 31 67 42 42
0634_0011_0028_0092_0092.jpg 1 11 28 92 92
0635_0033_0080_0047_0047.jpg 1 33 80 47 47
0636_0058_0037_0082_0082.jpg 1 58 37 82 82
0637_0037_0042_0066_0066.jpg 1 37 42 66 66
0638_0025_0046_0090_0090.jpg 1 25 46 90 90
0639_0030_0063_0067_0067.jpg 1 30 63 67 67
0640_0016_0014_0103_0103.jpg 1 16 14 103 103
0641_0082_0038_0036_0036.jpg 1 82 38 36 36
